2025-04-07 23:33:13,466 - __main__ - INFO - í”„ë¡œê·¸ë¨ ì´ˆê¸°í™” ì™„ë£Œ
2025-04-07 23:33:15,560 - data_collector - ERROR - Error collecting gainers data: Missing optional dependency 'lxml'.  Use pip or conda to install lxml.
2025-04-07 23:33:19,599 - data_collector - ERROR - Error collecting losers data: Missing optional dependency 'lxml'.  Use pip or conda to install lxml.
2025-04-07 23:33:20,989 - data_collector - ERROR - Error collecting most_active data: Missing optional dependency 'lxml'.  Use pip or conda to install lxml.
2025-04-07 23:33:22,464 - data_collector - ERROR - Error collecting top_etfs data: Missing optional dependency 'lxml'.  Use pip or conda to install lxml.
2025-04-07 23:33:29,682 - market_analyzer - ERROR - DeepSeek API error: {"error":{"message":"Authentication Fails, Your api key: None is invalid","type":"authentication_error","param":null,"code":"invalid_request_error"}}
2025-04-07 23:35:32,613 - __main__ - INFO - í”„ë¡œê·¸ë¨ ì´ˆê¸°í™” ì™„ë£Œ
2025-04-07 23:35:33,920 - data_collector - ERROR - Error collecting gainers data: "['Price (Intraday)', '% Change'] not in index"
2025-04-07 23:35:35,655 - data_collector - ERROR - Error collecting losers data: "['Price (Intraday)', '% Change'] not in index"
2025-04-07 23:35:37,700 - data_collector - ERROR - Error collecting most_active data: "['Price (Intraday)', '% Change'] not in index"
2025-04-07 23:35:40,483 - data_collector - ERROR - Error collecting top_etfs data: "['Price (Intraday)', '% Change'] not in index"
2025-04-07 23:36:33,484 - __main__ - INFO - í”„ë¡œê·¸ë¨ ì´ˆê¸°í™” ì™„ë£Œ
2025-04-07 23:36:51,580 - market_analyzer - ERROR - DeepSeek API error: Failed to deserialize the JSON body into the target type: missing field `model` at line 1 column 1025
2025-04-07 23:38:56,196 - __main__ - INFO - í”„ë¡œê·¸ë¨ ì´ˆê¸°í™” ì™„ë£Œ
2025-04-07 23:39:08,885 - market_analyzer - ERROR - Error analyzing market data: 'Change %'
2025-04-07 23:39:51,108 - __main__ - INFO - í”„ë¡œê·¸ë¨ ì´ˆê¸°í™” ì™„ë£Œ
2025-04-07 23:40:01,274 - market_analyzer - ERROR - Error preparing analysis data: 'Change'
2025-04-07 23:40:01,274 - market_analyzer - ERROR - Error analyzing market data: 'Change'
2025-04-07 23:45:58,072 - utils - INFO - í”„ë¡œê·¸ë¨ ì´ˆê¸°í™” ì™„ë£Œ
2025-04-07 23:47:05,413 - market_analyzer - ERROR - Error calling DeepSeek API: HTTPSConnectionPool(host='api.deepseek.com', port=443): Read timed out.
Traceback (most recent call last):
  File "C:\Users\tpdud\AppData\Local\Packages\PythonSoftwareFoundation.Python.3.11_qbz5n2kfra8p0\LocalCache\local-packages\Python311\site-packages\urllib3\response.py", line 754, in _error_catcher
    yield
  File "C:\Users\tpdud\AppData\Local\Packages\PythonSoftwareFoundation.Python.3.11_qbz5n2kfra8p0\LocalCache\local-packages\Python311\site-packages\urllib3\response.py", line 1219, in read_chunked
    self._update_chunk_length()
  File "C:\Users\tpdud\AppData\Local\Packages\PythonSoftwareFoundation.Python.3.11_qbz5n2kfra8p0\LocalCache\local-packages\Python311\site-packages\urllib3\response.py", line 1138, in _update_chunk_length
    line = self._fp.fp.readline()  # type: ignore[union-attr]
           ^^^^^^^^^^^^^^^^^^^^^^
  File "C:\Program Files\WindowsApps\PythonSoftwareFoundation.Python.3.11_3.11.2544.0_x64__qbz5n2kfra8p0\Lib\socket.py", line 706, in readinto
    return self._sock.recv_into(b)
           ^^^^^^^^^^^^^^^^^^^^^^^
  File "C:\Program Files\WindowsApps\PythonSoftwareFoundation.Python.3.11_3.11.2544.0_x64__qbz5n2kfra8p0\Lib\ssl.py", line 1314, in recv_into
    return self.read(nbytes, buffer)
           ^^^^^^^^^^^^^^^^^^^^^^^^^
  File "C:\Program Files\WindowsApps\PythonSoftwareFoundation.Python.3.11_3.11.2544.0_x64__qbz5n2kfra8p0\Lib\ssl.py", line 1166, in read
    return self._sslobj.read(len, buffer)
           ^^^^^^^^^^^^^^^^^^^^^^^^^^^^^^
TimeoutError: The read operation timed out

The above exception was the direct cause of the following exception:

Traceback (most recent call last):
  File "C:\Users\tpdud\AppData\Local\Packages\PythonSoftwareFoundation.Python.3.11_qbz5n2kfra8p0\LocalCache\local-packages\Python311\site-packages\requests\models.py", line 816, in generate
    yield from self.raw.stream(chunk_size, decode_content=True)
  File "C:\Users\tpdud\AppData\Local\Packages\PythonSoftwareFoundation.Python.3.11_qbz5n2kfra8p0\LocalCache\local-packages\Python311\site-packages\urllib3\response.py", line 1063, in stream
    yield from self.read_chunked(amt, decode_content=decode_content)
  File "C:\Users\tpdud\AppData\Local\Packages\PythonSoftwareFoundation.Python.3.11_qbz5n2kfra8p0\LocalCache\local-packages\Python311\site-packages\urllib3\response.py", line 1202, in read_chunked
    with self._error_catcher():
  File "C:\Program Files\WindowsApps\PythonSoftwareFoundation.Python.3.11_3.11.2544.0_x64__qbz5n2kfra8p0\Lib\contextlib.py", line 158, in __exit__
    self.gen.throw(typ, value, traceback)
  File "C:\Users\tpdud\AppData\Local\Packages\PythonSoftwareFoundation.Python.3.11_qbz5n2kfra8p0\LocalCache\local-packages\Python311\site-packages\urllib3\response.py", line 759, in _error_catcher
    raise ReadTimeoutError(self._pool, None, "Read timed out.") from e  # type: ignore[arg-type]
    ^^^^^^^^^^^^^^^^^^^^^^^^^^^^^^^^^^^^^^^^^^^^^^^^^^^^^^^^^^^^^^^^^^
urllib3.exceptions.ReadTimeoutError: HTTPSConnectionPool(host='api.deepseek.com', port=443): Read timed out.

During handling of the above exception, another exception occurred:

Traceback (most recent call last):
  File "c:\Users\tpdud\code\blog\blog\src\market_analyzer.py", line 226, in _get_deepseek_analysis
    response = requests.post(
               ^^^^^^^^^^^^^^
  File "C:\Users\tpdud\AppData\Local\Packages\PythonSoftwareFoundation.Python.3.11_qbz5n2kfra8p0\LocalCache\local-packages\Python311\site-packages\requests\api.py", line 115, in post
    return request("post", url, data=data, json=json, **kwargs)
           ^^^^^^^^^^^^^^^^^^^^^^^^^^^^^^^^^^^^^^^^^^^^^^^^^^^^
  File "C:\Users\tpdud\AppData\Local\Packages\PythonSoftwareFoundation.Python.3.11_qbz5n2kfra8p0\LocalCache\local-packages\Python311\site-packages\requests\api.py", line 59, in request
    return session.request(method=method, url=url, **kwargs)
           ^^^^^^^^^^^^^^^^^^^^^^^^^^^^^^^^^^^^^^^^^^^^^^^^^
  File "C:\Users\tpdud\AppData\Local\Packages\PythonSoftwareFoundation.Python.3.11_qbz5n2kfra8p0\LocalCache\local-packages\Python311\site-packages\requests\sessions.py", line 589, in request
    resp = self.send(prep, **send_kwargs)
           ^^^^^^^^^^^^^^^^^^^^^^^^^^^^^^
  File "C:\Users\tpdud\AppData\Local\Packages\PythonSoftwareFoundation.Python.3.11_qbz5n2kfra8p0\LocalCache\local-packages\Python311\site-packages\requests\sessions.py", line 747, in send
    r.content
  File "C:\Users\tpdud\AppData\Local\Packages\PythonSoftwareFoundation.Python.3.11_qbz5n2kfra8p0\LocalCache\local-packages\Python311\site-packages\requests\models.py", line 899, in content
    self._content = b"".join(self.iter_content(CONTENT_CHUNK_SIZE)) or b""
                    ^^^^^^^^^^^^^^^^^^^^^^^^^^^^^^^^^^^^^^^^^^^^^^^
  File "C:\Users\tpdud\AppData\Local\Packages\PythonSoftwareFoundation.Python.3.11_qbz5n2kfra8p0\LocalCache\local-packages\Python311\site-packages\requests\models.py", line 822, in generate
    raise ConnectionError(e)
requests.exceptions.ConnectionError: HTTPSConnectionPool(host='api.deepseek.com', port=443): Read timed out.
2025-04-07 23:48:46,261 - utils - INFO - í”„ë¡œê·¸ë¨ ì´ˆê¸°í™” ì™„ë£Œ
2025-04-07 23:50:36,109 - market_analyzer - ERROR - API í˜¸ì¶œ ì˜¤ë¥˜ (ì‹œë„ 1): HTTPSConnectionPool(host='api.deepseek.com', port=443): Read timed out.
Traceback (most recent call last):
  File "C:\Users\tpdud\AppData\Local\Packages\PythonSoftwareFoundation.Python.3.11_qbz5n2kfra8p0\LocalCache\local-packages\Python311\site-packages\urllib3\response.py", line 754, in _error_catcher
    yield
  File "C:\Users\tpdud\AppData\Local\Packages\PythonSoftwareFoundation.Python.3.11_qbz5n2kfra8p0\LocalCache\local-packages\Python311\site-packages\urllib3\response.py", line 1219, in read_chunked
    self._update_chunk_length()
  File "C:\Users\tpdud\AppData\Local\Packages\PythonSoftwareFoundation.Python.3.11_qbz5n2kfra8p0\LocalCache\local-packages\Python311\site-packages\urllib3\response.py", line 1138, in _update_chunk_length
    line = self._fp.fp.readline()  # type: ignore[union-attr]
           ^^^^^^^^^^^^^^^^^^^^^^
  File "C:\Program Files\WindowsApps\PythonSoftwareFoundation.Python.3.11_3.11.2544.0_x64__qbz5n2kfra8p0\Lib\socket.py", line 706, in readinto
    return self._sock.recv_into(b)
           ^^^^^^^^^^^^^^^^^^^^^^^
  File "C:\Program Files\WindowsApps\PythonSoftwareFoundation.Python.3.11_3.11.2544.0_x64__qbz5n2kfra8p0\Lib\ssl.py", line 1314, in recv_into
    return self.read(nbytes, buffer)
           ^^^^^^^^^^^^^^^^^^^^^^^^^
  File "C:\Program Files\WindowsApps\PythonSoftwareFoundation.Python.3.11_3.11.2544.0_x64__qbz5n2kfra8p0\Lib\ssl.py", line 1166, in read
    return self._sslobj.read(len, buffer)
           ^^^^^^^^^^^^^^^^^^^^^^^^^^^^^^
TimeoutError: The read operation timed out

The above exception was the direct cause of the following exception:

Traceback (most recent call last):
  File "C:\Users\tpdud\AppData\Local\Packages\PythonSoftwareFoundation.Python.3.11_qbz5n2kfra8p0\LocalCache\local-packages\Python311\site-packages\requests\models.py", line 816, in generate
    yield from self.raw.stream(chunk_size, decode_content=True)
  File "C:\Users\tpdud\AppData\Local\Packages\PythonSoftwareFoundation.Python.3.11_qbz5n2kfra8p0\LocalCache\local-packages\Python311\site-packages\urllib3\response.py", line 1063, in stream
    yield from self.read_chunked(amt, decode_content=decode_content)
  File "C:\Users\tpdud\AppData\Local\Packages\PythonSoftwareFoundation.Python.3.11_qbz5n2kfra8p0\LocalCache\local-packages\Python311\site-packages\urllib3\response.py", line 1202, in read_chunked
    with self._error_catcher():
  File "C:\Program Files\WindowsApps\PythonSoftwareFoundation.Python.3.11_3.11.2544.0_x64__qbz5n2kfra8p0\Lib\contextlib.py", line 158, in __exit__
    self.gen.throw(typ, value, traceback)
  File "C:\Users\tpdud\AppData\Local\Packages\PythonSoftwareFoundation.Python.3.11_qbz5n2kfra8p0\LocalCache\local-packages\Python311\site-packages\urllib3\response.py", line 759, in _error_catcher
    raise ReadTimeoutError(self._pool, None, "Read timed out.") from e  # type: ignore[arg-type]
    ^^^^^^^^^^^^^^^^^^^^^^^^^^^^^^^^^^^^^^^^^^^^^^^^^^^^^^^^^^^^^^^^^^
urllib3.exceptions.ReadTimeoutError: HTTPSConnectionPool(host='api.deepseek.com', port=443): Read timed out.

During handling of the above exception, another exception occurred:

Traceback (most recent call last):
  File "c:\Users\tpdud\code\blog\blog\src\market_analyzer.py", line 227, in _get_deepseek_analysis
    response = requests.post(
               ^^^^^^^^^^^^^^
  File "C:\Users\tpdud\AppData\Local\Packages\PythonSoftwareFoundation.Python.3.11_qbz5n2kfra8p0\LocalCache\local-packages\Python311\site-packages\requests\api.py", line 115, in post
    return request("post", url, data=data, json=json, **kwargs)
           ^^^^^^^^^^^^^^^^^^^^^^^^^^^^^^^^^^^^^^^^^^^^^^^^^^^^
  File "C:\Users\tpdud\AppData\Local\Packages\PythonSoftwareFoundation.Python.3.11_qbz5n2kfra8p0\LocalCache\local-packages\Python311\site-packages\requests\api.py", line 59, in request
    return session.request(method=method, url=url, **kwargs)
           ^^^^^^^^^^^^^^^^^^^^^^^^^^^^^^^^^^^^^^^^^^^^^^^^^
  File "C:\Users\tpdud\AppData\Local\Packages\PythonSoftwareFoundation.Python.3.11_qbz5n2kfra8p0\LocalCache\local-packages\Python311\site-packages\requests\sessions.py", line 589, in request
    resp = self.send(prep, **send_kwargs)
           ^^^^^^^^^^^^^^^^^^^^^^^^^^^^^^
  File "C:\Users\tpdud\AppData\Local\Packages\PythonSoftwareFoundation.Python.3.11_qbz5n2kfra8p0\LocalCache\local-packages\Python311\site-packages\requests\sessions.py", line 747, in send
    r.content
  File "C:\Users\tpdud\AppData\Local\Packages\PythonSoftwareFoundation.Python.3.11_qbz5n2kfra8p0\LocalCache\local-packages\Python311\site-packages\requests\models.py", line 899, in content
    self._content = b"".join(self.iter_content(CONTENT_CHUNK_SIZE)) or b""
                    ^^^^^^^^^^^^^^^^^^^^^^^^^^^^^^^^^^^^^^^^^^^^^^^
  File "C:\Users\tpdud\AppData\Local\Packages\PythonSoftwareFoundation.Python.3.11_qbz5n2kfra8p0\LocalCache\local-packages\Python311\site-packages\requests\models.py", line 822, in generate
    raise ConnectionError(e)
requests.exceptions.ConnectionError: HTTPSConnectionPool(host='api.deepseek.com', port=443): Read timed out.
2025-04-07 23:52:40,592 - WDM - INFO - ====== WebDriver manager ======
2025-04-07 23:52:41,382 - WDM - INFO - Get LATEST chromedriver version for google-chrome
2025-04-07 23:52:41,723 - WDM - INFO - Get LATEST chromedriver version for google-chrome
2025-04-07 23:52:42,018 - WDM - INFO - There is no [win64] chromedriver "134.0.6998.165" for browser google-chrome "134.0.6998" in cache
2025-04-07 23:52:42,018 - WDM - INFO - Get LATEST chromedriver version for google-chrome
2025-04-07 23:52:42,729 - WDM - INFO - WebDriver version 134.0.6998.165 selected
2025-04-07 23:52:42,729 - WDM - INFO - Modern chrome version https://storage.googleapis.com/chrome-for-testing-public/134.0.6998.165/win32/chromedriver-win32.zip
2025-04-07 23:52:42,729 - WDM - INFO - About to download new driver from https://storage.googleapis.com/chrome-for-testing-public/134.0.6998.165/win32/chromedriver-win32.zip
2025-04-07 23:52:43,158 - WDM - INFO - Driver downloading response is 200
2025-04-07 23:52:45,523 - WDM - INFO - Get LATEST chromedriver version for google-chrome
2025-04-07 23:52:46,654 - WDM - INFO - Driver has been saved in cache [C:\Users\tpdud\.wdm\drivers\chromedriver\win64\134.0.6998.165]
2025-04-07 23:53:01,157 - utils - ERROR - ë„¤ì´ë²„ ë¡œê·¸ì¸ ì‹¤íŒ¨
2025-04-07 23:56:26,903 - utils - INFO - í”„ë¡œê·¸ë¨ ì´ˆê¸°í™” ì™„ë£Œ
2025-04-07 23:57:28,984 - utils - INFO - í”„ë¡œê·¸ë¨ ì´ˆê¸°í™” ì™„ë£Œ
2025-04-08 00:01:05,136 - WDM - INFO - ====== WebDriver manager ======
2025-04-08 00:01:05,942 - WDM - INFO - Get LATEST chromedriver version for google-chrome
2025-04-08 00:01:06,272 - WDM - INFO - Get LATEST chromedriver version for google-chrome
2025-04-08 00:01:06,640 - WDM - INFO - Get LATEST chromedriver version for google-chrome
2025-04-08 00:01:07,424 - WDM - INFO - WebDriver version 134.0.6998.165 selected
2025-04-08 00:01:07,435 - WDM - INFO - Modern chrome version https://storage.googleapis.com/chrome-for-testing-public/134.0.6998.165/win32/chromedriver-win32.zip
2025-04-08 00:01:07,435 - WDM - INFO - About to download new driver from https://storage.googleapis.com/chrome-for-testing-public/134.0.6998.165/win32/chromedriver-win32.zip
2025-04-08 00:01:07,843 - WDM - INFO - Driver downloading response is 200
2025-04-08 00:01:10,915 - WDM - INFO - Get LATEST chromedriver version for google-chrome
2025-04-08 00:01:11,356 - WDM - INFO - Driver has been saved in cache [C:\Users\tpdud\.wdm\drivers\chromedriver\win64\134.0.6998.165]
2025-04-08 00:02:42,098 - urllib3.connectionpool - WARNING - Retrying (Retry(total=2, connect=None, read=None, redirect=None, status=None)) after connection broken by 'ConnectionResetError(10054, 'í˜„ì¬ ì—°ê²°ì€ ì›ê²© í˜¸ìŠ¤íŠ¸ì— ì˜í•´ ê°•ì œë¡œ ëŠê²¼ìŠµë‹ˆë‹¤', None, 10054, None)': /session/f9bac317b943fe6f4730a496bf2fe244
2025-04-08 00:02:56,371 - utils - INFO - í”„ë¡œê·¸ë¨ ì´ˆê¸°í™” ì™„ë£Œ
2025-04-08 00:04:48,175 - market_analyzer - ERROR - API í˜¸ì¶œ ì˜¤ë¥˜ (ì‹œë„ 1): HTTPSConnectionPool(host='api.deepseek.com', port=443): Read timed out.
Traceback (most recent call last):
  File "C:\Users\tpdud\AppData\Local\Packages\PythonSoftwareFoundation.Python.3.11_qbz5n2kfra8p0\LocalCache\local-packages\Python311\site-packages\urllib3\response.py", line 754, in _error_catcher
    yield
  File "C:\Users\tpdud\AppData\Local\Packages\PythonSoftwareFoundation.Python.3.11_qbz5n2kfra8p0\LocalCache\local-packages\Python311\site-packages\urllib3\response.py", line 1219, in read_chunked
    self._update_chunk_length()
  File "C:\Users\tpdud\AppData\Local\Packages\PythonSoftwareFoundation.Python.3.11_qbz5n2kfra8p0\LocalCache\local-packages\Python311\site-packages\urllib3\response.py", line 1138, in _update_chunk_length
    line = self._fp.fp.readline()  # type: ignore[union-attr]
           ^^^^^^^^^^^^^^^^^^^^^^
  File "C:\Program Files\WindowsApps\PythonSoftwareFoundation.Python.3.11_3.11.2544.0_x64__qbz5n2kfra8p0\Lib\socket.py", line 706, in readinto
    return self._sock.recv_into(b)
           ^^^^^^^^^^^^^^^^^^^^^^^
  File "C:\Program Files\WindowsApps\PythonSoftwareFoundation.Python.3.11_3.11.2544.0_x64__qbz5n2kfra8p0\Lib\ssl.py", line 1314, in recv_into
    return self.read(nbytes, buffer)
           ^^^^^^^^^^^^^^^^^^^^^^^^^
  File "C:\Program Files\WindowsApps\PythonSoftwareFoundation.Python.3.11_3.11.2544.0_x64__qbz5n2kfra8p0\Lib\ssl.py", line 1166, in read
    return self._sslobj.read(len, buffer)
           ^^^^^^^^^^^^^^^^^^^^^^^^^^^^^^
TimeoutError: The read operation timed out

The above exception was the direct cause of the following exception:

Traceback (most recent call last):
  File "C:\Users\tpdud\AppData\Local\Packages\PythonSoftwareFoundation.Python.3.11_qbz5n2kfra8p0\LocalCache\local-packages\Python311\site-packages\requests\models.py", line 816, in generate
    yield from self.raw.stream(chunk_size, decode_content=True)
  File "C:\Users\tpdud\AppData\Local\Packages\PythonSoftwareFoundation.Python.3.11_qbz5n2kfra8p0\LocalCache\local-packages\Python311\site-packages\urllib3\response.py", line 1063, in stream
    yield from self.read_chunked(amt, decode_content=decode_content)
  File "C:\Users\tpdud\AppData\Local\Packages\PythonSoftwareFoundation.Python.3.11_qbz5n2kfra8p0\LocalCache\local-packages\Python311\site-packages\urllib3\response.py", line 1202, in read_chunked
    with self._error_catcher():
  File "C:\Program Files\WindowsApps\PythonSoftwareFoundation.Python.3.11_3.11.2544.0_x64__qbz5n2kfra8p0\Lib\contextlib.py", line 158, in __exit__
    self.gen.throw(typ, value, traceback)
  File "C:\Users\tpdud\AppData\Local\Packages\PythonSoftwareFoundation.Python.3.11_qbz5n2kfra8p0\LocalCache\local-packages\Python311\site-packages\urllib3\response.py", line 759, in _error_catcher
    raise ReadTimeoutError(self._pool, None, "Read timed out.") from e  # type: ignore[arg-type]
    ^^^^^^^^^^^^^^^^^^^^^^^^^^^^^^^^^^^^^^^^^^^^^^^^^^^^^^^^^^^^^^^^^^
urllib3.exceptions.ReadTimeoutError: HTTPSConnectionPool(host='api.deepseek.com', port=443): Read timed out.

During handling of the above exception, another exception occurred:

Traceback (most recent call last):
  File "c:\Users\tpdud\code\blog\blog\src\market_analyzer.py", line 254, in _get_deepseek_analysis
    response = requests.post(
               ^^^^^^^^^^^^^^
  File "C:\Users\tpdud\AppData\Local\Packages\PythonSoftwareFoundation.Python.3.11_qbz5n2kfra8p0\LocalCache\local-packages\Python311\site-packages\requests\api.py", line 115, in post
    return request("post", url, data=data, json=json, **kwargs)
           ^^^^^^^^^^^^^^^^^^^^^^^^^^^^^^^^^^^^^^^^^^^^^^^^^^^^
  File "C:\Users\tpdud\AppData\Local\Packages\PythonSoftwareFoundation.Python.3.11_qbz5n2kfra8p0\LocalCache\local-packages\Python311\site-packages\requests\api.py", line 59, in request
    return session.request(method=method, url=url, **kwargs)
           ^^^^^^^^^^^^^^^^^^^^^^^^^^^^^^^^^^^^^^^^^^^^^^^^^
  File "C:\Users\tpdud\AppData\Local\Packages\PythonSoftwareFoundation.Python.3.11_qbz5n2kfra8p0\LocalCache\local-packages\Python311\site-packages\requests\sessions.py", line 589, in request
    resp = self.send(prep, **send_kwargs)
           ^^^^^^^^^^^^^^^^^^^^^^^^^^^^^^
  File "C:\Users\tpdud\AppData\Local\Packages\PythonSoftwareFoundation.Python.3.11_qbz5n2kfra8p0\LocalCache\local-packages\Python311\site-packages\requests\sessions.py", line 747, in send
    r.content
  File "C:\Users\tpdud\AppData\Local\Packages\PythonSoftwareFoundation.Python.3.11_qbz5n2kfra8p0\LocalCache\local-packages\Python311\site-packages\requests\models.py", line 899, in content
    self._content = b"".join(self.iter_content(CONTENT_CHUNK_SIZE)) or b""
                    ^^^^^^^^^^^^^^^^^^^^^^^^^^^^^^^^^^^^^^^^^^^^^^^
  File "C:\Users\tpdud\AppData\Local\Packages\PythonSoftwareFoundation.Python.3.11_qbz5n2kfra8p0\LocalCache\local-packages\Python311\site-packages\requests\models.py", line 822, in generate
    raise ConnectionError(e)
requests.exceptions.ConnectionError: HTTPSConnectionPool(host='api.deepseek.com', port=443): Read timed out.
2025-04-08 00:06:18,454 - WDM - INFO - ====== WebDriver manager ======
2025-04-08 00:06:19,266 - WDM - INFO - Get LATEST chromedriver version for google-chrome
2025-04-08 00:06:19,761 - WDM - INFO - Get LATEST chromedriver version for google-chrome
2025-04-08 00:06:20,089 - WDM - INFO - Driver [C:\Users\tpdud\.wdm\drivers\chromedriver\win64\134.0.6998.165\chromedriver-win32/chromedriver.exe] found in cache
2025-04-08 00:07:14,077 - blog_poster - ERROR - Failed to create post: Message: 
Stacktrace:
	GetHandleVerifier [0x004AC7F3+24435]
	(No symbol) [0x00432074]
	(No symbol) [0x003006E3]
	(No symbol) [0x00348B39]
	(No symbol) [0x00348E8B]
	(No symbol) [0x00391AC2]
	(No symbol) [0x0036D804]
	(No symbol) [0x0038F20A]
	(No symbol) [0x0036D5B6]
	(No symbol) [0x0033C54F]
	(No symbol) [0x0033D894]
	GetHandleVerifier [0x007B70A3+3213347]
	GetHandleVerifier [0x007CB0C9+3295305]
	GetHandleVerifier [0x007C558C+3271948]
	GetHandleVerifier [0x00547360+658144]
	(No symbol) [0x0043B27D]
	(No symbol) [0x00438208]
	(No symbol) [0x004383A9]
	(No symbol) [0x0042AAC0]
	BaseThreadInitThunk [0x75255D49+25]
	RtlInitializeExceptionChain [0x772FCE3B+107]
	RtlGetAppContainerNamedObjectPath [0x772FCDC1+561]
Traceback (most recent call last):
  File "c:\Users\tpdud\code\blog\blog\src\blog_poster.py", line 176, in create_post
    if para.strip():
  File "C:\Users\tpdud\AppData\Local\Packages\PythonSoftwareFoundation.Python.3.11_qbz5n2kfra8p0\LocalCache\local-packages\Python311\site-packages\selenium\webdriver\support\wait.py", line 105, in until
    raise TimeoutException(message, screen, stacktrace)
selenium.common.exceptions.TimeoutException: Message: 
Stacktrace:
	GetHandleVerifier [0x004AC7F3+24435]
	(No symbol) [0x00432074]
	(No symbol) [0x003006E3]
	(No symbol) [0x00348B39]
	(No symbol) [0x00348E8B]
	(No symbol) [0x00391AC2]
	(No symbol) [0x0036D804]
	(No symbol) [0x0038F20A]
	(No symbol) [0x0036D5B6]
	(No symbol) [0x0033C54F]
	(No symbol) [0x0033D894]
	GetHandleVerifier [0x007B70A3+3213347]
	GetHandleVerifier [0x007CB0C9+3295305]
	GetHandleVerifier [0x007C558C+3271948]
	GetHandleVerifier [0x00547360+658144]
	(No symbol) [0x0043B27D]
	(No symbol) [0x00438208]
	(No symbol) [0x004383A9]
	(No symbol) [0x0042AAC0]
	BaseThreadInitThunk [0x75255D49+25]
	RtlInitializeExceptionChain [0x772FCE3B+107]
	RtlGetAppContainerNamedObjectPath [0x772FCDC1+561]

2025-04-08 00:07:14,079 - utils - ERROR - ë¸”ë¡œê·¸ í¬ìŠ¤íŒ… ì‹¤íŒ¨
2025-04-08 00:08:47,193 - utils - INFO - í”„ë¡œê·¸ë¨ ì´ˆê¸°í™” ì™„ë£Œ
2025-04-08 00:10:43,775 - utils - INFO - í”„ë¡œê·¸ë¨ ì´ˆê¸°í™” ì™„ë£Œ
2025-04-08 00:12:01,905 - utils - INFO - í”„ë¡œê·¸ë¨ ì´ˆê¸°í™” ì™„ë£Œ
2025-04-08 00:13:38,973 - utils - INFO - í”„ë¡œê·¸ë¨ ì´ˆê¸°í™” ì™„ë£Œ
2025-04-08 00:15:54,544 - market_analyzer - ERROR - ì‹œì¥ ë¶„ì„ ì¤‘ ì˜¤ë¥˜ ë°œìƒ: 'MarketAnalyzer' object has no attribute 'format_blog_content'
Traceback (most recent call last):
  File "c:\Users\tpdud\code\blog\blog\src\market_analyzer.py", line 61, in analyze_market_trend
    formatted_analysis = self.format_blog_content(analysis)
                         ^^^^^^^^^^^^^^^^^^^^^^^^
AttributeError: 'MarketAnalyzer' object has no attribute 'format_blog_content'
2025-04-08 00:15:54,557 - WDM - INFO - ====== WebDriver manager ======
2025-04-08 00:15:55,324 - WDM - INFO - Get LATEST chromedriver version for google-chrome
2025-04-08 00:15:55,645 - WDM - INFO - Get LATEST chromedriver version for google-chrome
2025-04-08 00:15:55,961 - WDM - INFO - Driver [C:\Users\tpdud\.wdm\drivers\chromedriver\win64\134.0.6998.165\chromedriver-win32/chromedriver.exe] found in cache
2025-04-08 00:16:27,120 - blog_poster - ERROR - Failed to create post: Message: 
Stacktrace:
	GetHandleVerifier [0x004AC7F3+24435]
	(No symbol) [0x00432074]
	(No symbol) [0x003006E3]
	(No symbol) [0x00348B39]
	(No symbol) [0x00348E8B]
	(No symbol) [0x00391AC2]
	(No symbol) [0x0036D804]
	(No symbol) [0x0038F20A]
	(No symbol) [0x0036D5B6]
	(No symbol) [0x0033C54F]
	(No symbol) [0x0033D894]
	GetHandleVerifier [0x007B70A3+3213347]
	GetHandleVerifier [0x007CB0C9+3295305]
	GetHandleVerifier [0x007C558C+3271948]
	GetHandleVerifier [0x00547360+658144]
	(No symbol) [0x0043B27D]
	(No symbol) [0x00438208]
	(No symbol) [0x004383A9]
	(No symbol) [0x0042AAC0]
	BaseThreadInitThunk [0x75255D49+25]
	RtlInitializeExceptionChain [0x772FCE3B+107]
	RtlGetAppContainerNamedObjectPath [0x772FCDC1+561]

2025-04-08 00:16:27,120 - utils - ERROR - ë¸”ë¡œê·¸ í¬ìŠ¤íŒ… ì‹¤íŒ¨
2025-04-08 00:17:39,763 - utils - INFO - í”„ë¡œê·¸ë¨ ì´ˆê¸°í™” ì™„ë£Œ
2025-04-08 00:19:14,720 - market_analyzer - ERROR - ì‹œì¥ ë¶„ì„ ì¤‘ ì˜¤ë¥˜ ë°œìƒ: 'MarketAnalyzer' object has no attribute 'format_blog_content'
Traceback (most recent call last):
  File "c:\Users\tpdud\code\blog\blog\src\market_analyzer.py", line 61, in analyze_market_trend
    formatted_analysis = self.format_blog_content(analysis)
                         ^^^^^^^^^^^^^^^^^^^^^^^^
AttributeError: 'MarketAnalyzer' object has no attribute 'format_blog_content'
2025-04-08 00:19:14,720 - WDM - INFO - ====== WebDriver manager ======
2025-04-08 00:19:15,551 - WDM - INFO - Get LATEST chromedriver version for google-chrome
2025-04-08 00:19:15,870 - WDM - INFO - Get LATEST chromedriver version for google-chrome
2025-04-08 00:19:16,176 - WDM - INFO - Driver [C:\Users\tpdud\.wdm\drivers\chromedriver\win64\134.0.6998.165\chromedriver-win32/chromedriver.exe] found in cache
2025-04-08 00:19:40,509 - blog_poster - WARNING - iframe ì „í™˜ ì‹¤íŒ¨: Message: 
Stacktrace:
	GetHandleVerifier [0x004AC7F3+24435]
	(No symbol) [0x00432074]
	(No symbol) [0x003006E3]
	(No symbol) [0x00348B39]
	(No symbol) [0x00348E8B]
	(No symbol) [0x00391AC2]
	(No symbol) [0x0036D804]
	(No symbol) [0x0038F20A]
	(No symbol) [0x0036D5B6]
	(No symbol) [0x0033C54F]
	(No symbol) [0x0033D894]
	GetHandleVerifier [0x007B70A3+3213347]
	GetHandleVerifier [0x007CB0C9+3295305]
	GetHandleVerifier [0x007C558C+3271948]
	GetHandleVerifier [0x00547360+658144]
	(No symbol) [0x0043B27D]
	(No symbol) [0x00438208]
	(No symbol) [0x004383A9]
	(No symbol) [0x0042AAC0]
	BaseThreadInitThunk [0x75255D49+25]
	RtlInitializeExceptionChain [0x772FCE3B+107]
	RtlGetAppContainerNamedObjectPath [0x772FCDC1+561]

2025-04-08 00:19:55,782 - blog_poster - WARNING - ì œëª© ì…ë ¥ í•„ë“œë¥¼ ì°¾ì„ ìˆ˜ ì—†ìŠµë‹ˆë‹¤
2025-04-08 00:20:19,351 - blog_poster - ERROR - ë°œí–‰ ë²„íŠ¼ì„ ì°¾ì„ ìˆ˜ ì—†ìŠµë‹ˆë‹¤
2025-04-08 00:20:19,351 - utils - ERROR - ë¸”ë¡œê·¸ í¬ìŠ¤íŒ… ì‹¤íŒ¨
2025-04-08 00:22:34,894 - utils - INFO - í”„ë¡œê·¸ë¨ ì´ˆê¸°í™” ì™„ë£Œ
2025-04-08 00:24:06,610 - WDM - INFO - ====== WebDriver manager ======
2025-04-08 00:24:07,422 - WDM - INFO - Get LATEST chromedriver version for google-chrome
2025-04-08 00:24:07,771 - WDM - INFO - Get LATEST chromedriver version for google-chrome
2025-04-08 00:24:08,093 - WDM - INFO - Driver [C:\Users\tpdud\.wdm\drivers\chromedriver\win64\134.0.6998.165\chromedriver-win32/chromedriver.exe] found in cache
2025-04-08 00:24:32,300 - blog_poster - WARNING - iframe ì „í™˜ ì‹¤íŒ¨: Message: 
Stacktrace:
	GetHandleVerifier [0x004AC7F3+24435]
	(No symbol) [0x00432074]
	(No symbol) [0x003006E3]
	(No symbol) [0x00348B39]
	(No symbol) [0x00348E8B]
	(No symbol) [0x00391AC2]
	(No symbol) [0x0036D804]
	(No symbol) [0x0038F20A]
	(No symbol) [0x0036D5B6]
	(No symbol) [0x0033C54F]
	(No symbol) [0x0033D894]
	GetHandleVerifier [0x007B70A3+3213347]
	GetHandleVerifier [0x007CB0C9+3295305]
	GetHandleVerifier [0x007C558C+3271948]
	GetHandleVerifier [0x00547360+658144]
	(No symbol) [0x0043B27D]
	(No symbol) [0x00438208]
	(No symbol) [0x004383A9]
	(No symbol) [0x0042AAC0]
	BaseThreadInitThunk [0x75255D49+25]
	RtlInitializeExceptionChain [0x772FCE3B+107]
	RtlGetAppContainerNamedObjectPath [0x772FCDC1+561]

2025-04-08 00:24:47,559 - blog_poster - WARNING - ì œëª© ì…ë ¥ í•„ë“œë¥¼ ì°¾ì„ ìˆ˜ ì—†ìŠµë‹ˆë‹¤
2025-04-08 00:25:11,090 - blog_poster - ERROR - ë°œí–‰ ë²„íŠ¼ì„ ì°¾ì„ ìˆ˜ ì—†ìŠµë‹ˆë‹¤
2025-04-08 00:25:11,090 - utils - ERROR - ë¸”ë¡œê·¸ í¬ìŠ¤íŒ… ì‹¤íŒ¨
2025-04-08 01:11:25,074 - utils - INFO - í”„ë¡œê·¸ë¨ ì´ˆê¸°í™” ì™„ë£Œ
2025-04-08 01:12:59,069 - WDM - INFO - ====== WebDriver manager ======
2025-04-08 01:12:59,834 - WDM - INFO - Get LATEST chromedriver version for google-chrome
2025-04-08 01:13:00,143 - WDM - INFO - Get LATEST chromedriver version for google-chrome
2025-04-08 01:13:00,469 - WDM - INFO - Driver [C:\Users\tpdud\.wdm\drivers\chromedriver\win64\134.0.6998.165\chromedriver-win32/chromedriver.exe] found in cache
2025-04-08 01:13:47,541 - utils - INFO - ë¸”ë¡œê·¸ í¬ìŠ¤íŒ… ì„±ê³µ: [ì‹œì¥ë¶„ì„] ì†Œë¹„ì¬ ê°•ì„¸Â·í…Œí¬ ì•½ì„¸ ë¶„í™” ì§€ì†â€¦ä¸­ ê²½ê¸° ë°˜ë“±ì´ ë³€ìˆ˜  

**ë¶€ì œ**: RH ê¸‰ë“±ì€ í”„ë¦¬ë¯¸ì—„ ì†Œë¹„ íšŒë³µ ì‹ í˜¸, ë ˆë…¸ë²„ í•˜ë½ì—” ä¸­ ìˆ˜ìš” ë¶€ì§„ ì˜í–¥  

**í‚¤ì›Œë“œ**:  
- í”„ë¦¬ë¯¸ì—„ ì†Œë¹„ íŠ¸ë Œë“œ / PC ì‹œì¥ ì„±ì¥ë¥  í•˜í–¥  
- Fed ì‹ ì¤‘ ê¸°ì¡° / ì¤‘êµ­ ê²½ê¸° ë‘”í™” ë¦¬ìŠ¤í¬  
- í’ˆì§ˆì£¼ ì„ í˜¸(quality factor) / ë°©ì–´ì„± í¬íŠ¸í´ë¦¬ì˜¤  

**ì„¤ëª…**:  
1. **ì „ë¬¸ì„±** ë°˜ì˜  
   - "í’ˆì§ˆì£¼ ì„ í˜¸", "ë°©ì–´ì„± í¬íŠ¸í´ë¦¬ì˜¤" ë“± ì „ë¬¸ ìš©ì–´ í™œìš©  
   - Yahoo Finance ë°ì´í„°ë¥¼ ê·¼ê±°ë¡œ í•œ ì‚¬ì‹¤ì  ì„œìˆ   

2. **êµ¬ì¡°ì  ëª…í™•ì„±**  
   - ì£¼ì œ: ìƒìŠ¹/í•˜ë½ ì£¼ë„ì£¼ì˜ ì´ì¤‘ì  íë¦„ê³¼ ê±°ì‹œì  ë°°ê²½ ì—°ê²°  
   - ë¶€ì œì—ì„œ êµ¬ì²´ì  ì¢…ëª© ë™ì¸ ì œì‹œ  

3. **ê¸€ë¡œë²Œ ë§¥ë½** ê°•ì¡°  
   - ä¸­ ê²½ê¸° ë³€ìˆ˜ì™€ Fed ì •ì±…ì„ í‚¤ì›Œë“œë¡œ ë…¸ì¶œ  
   - ë‹¨ê¸°/ì¤‘ê¸° ì‹œì‚¬ì ì„ ì œëª©ê³¼ ë¶€ì œë¡œ ë¶„ë¦¬í•´ ê³„ì¸µí™”  

â€» ì°¸ê³ : ì œëª©ì€ 18ì(ë³¸ë¬¸), 25ì(ë¶€ì œ)ë¡œ ì „ë¬¸ ë§¤ì²´ì˜ í—¤ë“œë¼ì¸ ìŠ¤íƒ€ì¼ ì¤€ìˆ˜
2025-04-08 01:16:49,200 - utils - INFO - í”„ë¡œê·¸ë¨ ì´ˆê¸°í™” ì™„ë£Œ
2025-04-08 01:18:14,592 - WDM - INFO - ====== WebDriver manager ======
2025-04-08 01:18:15,358 - WDM - INFO - Get LATEST chromedriver version for google-chrome
2025-04-08 01:18:15,678 - WDM - INFO - Get LATEST chromedriver version for google-chrome
2025-04-08 01:18:15,981 - WDM - INFO - Driver [C:\Users\tpdud\.wdm\drivers\chromedriver\win64\134.0.6998.165\chromedriver-win32/chromedriver.exe] found in cache
2025-04-08 01:19:01,203 - utils - INFO - ë¸”ë¡œê·¸ í¬ìŠ¤íŒ… ì„±ê³µ: **ë©”ì¸ ì œëª©**:  
"RYTM ê°•ì„¸Â·LNVGY ì•½ì„¸â€¦ê¸ˆë¦¬ ê¸‰ë“±ì— í…Œí¬æ ª í”ë“¤"  

**ë¶€ì œëª©**:  
"ç¾ ADP ê³ ìš©â†‘ë¡œ Fed ê¸´ì¶• ìš°ë ¤ í™•ëŒ€â€¦í—¬ìŠ¤ì¼€ì–´Â·ë””íœì‹œë¸Œæ ª ê´€ì‹¬â†‘"  

**ì„¤ëª…**:  
- ë©”ì¸ ì œëª©ì€ 15ì ë‚´ì™¸ë¡œ ì£¼ìš” ì£¼ê°€ ë™í–¥(RYTM/LNVGY)ê³¼ ê¸ˆë¦¬ ë³€ë™ì„±(í…Œí¬æ ª ì˜í–¥)ì„ ì••ì¶•í•´ ê°•ì¡°í–ˆìŠµë‹ˆë‹¤.  
- ë¶€ì œëª©ì€ ê±°ì‹œì  ë°°ê²½(ADP ê³ ìš©â†’Fed ê¸´ì¶•)ê³¼ ì¤‘ê¸° ì „ëµ(ì„¹í„° ë¡œí…Œì´ì…˜ í•„ìš”ì„±)ì„ êµ¬ì²´í™”í–ˆìœ¼ë©°, ì „ë¬¸ ìš©ì–´(ADP, ë””íœì‹œë¸Œ)ëŠ” ì‹œì¥ ì°¸ì—¬ì ì´í•´ë„ì— ë§ì¶° ì‚¬ìš©í–ˆìŠµë‹ˆë‹¤.  
- ê°ì •ì  í‘œí˜„ ì—†ì´ íŒ©íŠ¸ ì¤‘ì‹¬ êµ¬ì„±í–ˆìœ¼ë©°, ì˜ˆì‹œì™€ ë™ì¼í•œ í˜•ì‹(ì£¼ìš” ë™ì¸â†’ë§¥ë½â†’ì‹œì‚¬ì  êµ¬ì¡°)ì„ ì ìš©í–ˆìŠµë‹ˆë‹¤.
2025-04-08 01:22:08,748 - utils - INFO - í”„ë¡œê·¸ë¨ ì´ˆê¸°í™” ì™„ë£Œ
2025-04-08 01:24:46,215 - utils - INFO - í”„ë¡œê·¸ë¨ ì´ˆê¸°í™” ì™„ë£Œ
2025-04-08 01:25:57,439 - WDM - INFO - ====== WebDriver manager ======
2025-04-08 01:25:58,245 - WDM - INFO - Get LATEST chromedriver version for google-chrome
2025-04-08 01:25:58,591 - WDM - INFO - Get LATEST chromedriver version for google-chrome
2025-04-08 01:25:58,917 - WDM - INFO - Driver [C:\Users\tpdud\.wdm\drivers\chromedriver\win64\134.0.6998.165\chromedriver-win32/chromedriver.exe] found in cache
2025-04-08 01:26:40,660 - utils - ERROR - ë¸”ë¡œê·¸ í¬ìŠ¤íŒ… ì‹¤íŒ¨
2025-04-08 01:29:12,195 - utils - INFO - í”„ë¡œê·¸ë¨ ì´ˆê¸°í™” ì™„ë£Œ
2025-04-08 01:30:57,683 - WDM - INFO - ====== WebDriver manager ======
2025-04-08 01:30:58,465 - WDM - INFO - Get LATEST chromedriver version for google-chrome
2025-04-08 01:30:58,813 - WDM - INFO - Get LATEST chromedriver version for google-chrome
2025-04-08 01:30:59,329 - WDM - INFO - Driver [C:\Users\tpdud\.wdm\drivers\chromedriver\win64\134.0.6998.165\chromedriver-win32/chromedriver.exe] found in cache
2025-04-08 01:31:46,495 - utils - INFO - ë¸”ë¡œê·¸ í¬ìŠ¤íŒ… ì„±ê³µ: **ë©”ì¸ ì œëª© (15ì ë‚´ì™¸):**  
"ì†Œë¹„ì¬â†‘Â·ITâ†“â€¦ê±°ì‹œë¶ˆí™•ì‹¤ì„±ì— ì‹œì¥ ê°ˆë“±"  

**ë¶€ì œëª© (25ì ë‚´ì™¸):**  
"RH 15%â†‘ vs ä¸­ ë°”ì´ì˜¤í…â†“â€¦ì—°ì¤€ ê¸ˆë¦¬ ê¸°ì¡° ì£¼ëª©"  

**ì„¤ëª…:**  
- ë©”ì¸ ì œëª©ì€ **ì†Œë¹„ì¬ ê°•ì„¸(RH ê¸‰ë“±)**ì™€ **IT/ë°”ì´ì˜¤í… ì•½ì„¸**ì˜ ëŒ€ë¹„ë¥¼ ê°•ì¡°í•˜ë©°, ê±°ì‹œê²½ì œ ë¶ˆí™•ì‹¤ì„±(ì—°ì¤€ ì •ì±…Â·ì¸í”Œë ˆì´ì…˜)ì´ ì‹œì¥ì„ ì–‘ë¶„í•˜ëŠ” ìƒí™©ì„ í•¨ì¶•í–ˆìŠµë‹ˆë‹¤.  
- ë¶€ì œëª©ì€ êµ¬ì²´ì ì¸ **ì£¼ê°€ ë³€ë™ì„±(RHâ†‘/HUTCHMEDâ†“)**ì„ ì œì‹œí•˜ê³ , íˆ¬ììë“¤ì´ ì£¼ëª©í•´ì•¼ í•  **ì—°ì¤€ì˜ ê¸ˆë¦¬ ì •ì±…**ì„ í•µì‹¬ ë³€ìˆ˜ë¡œ ì–¸ê¸‰í•´ ì¤‘ë¦½ì ì´ë©´ì„œë„ ì •ë³´ì„±ì„ ë†’ì˜€ìŠµë‹ˆë‹¤.  
- â†‘â†“ ê¸°í˜¸ë¥¼ í™œìš©í•´ ê°€ë…ì„±ì„ ê°•í™”í•˜ê³ , ì¤‘êµ­ ë¦¬ìŠ¤í¬Â·ë°”ì´ì˜¤í… ì•½ì„¸ ë“± ë¶€ê°€ ìš”ì†Œë¥¼ ìì—°ìŠ¤ëŸ½ê²Œ ì—°ê²°í–ˆìŠµë‹ˆë‹¤.
2025-04-08 01:36:39,781 - utils - INFO - í”„ë¡œê·¸ë¨ ì´ˆê¸°í™” ì™„ë£Œ
2025-04-08 01:38:43,880 - WDM - INFO - ====== WebDriver manager ======
2025-04-08 01:38:44,658 - WDM - INFO - Get LATEST chromedriver version for google-chrome
2025-04-08 01:38:45,061 - WDM - INFO - Get LATEST chromedriver version for google-chrome
2025-04-08 01:38:45,412 - WDM - INFO - Driver [C:\Users\tpdud\.wdm\drivers\chromedriver\win64\134.0.6998.165\chromedriver-win32/chromedriver.exe] found in cache
2025-04-08 01:39:35,848 - utils - INFO - ë¸”ë¡œê·¸ í¬ìŠ¤íŒ… ì„±ê³µ: ### ë©”ì¸ ì œëª© (15ì ë‚´ì™¸):  
**"ê¸ˆë¦¬ ë¶ˆí™•ì‹¤ì„±â†‘â€¦í…Œí¬ì£¼ ë°˜ë“± ê¸°íšŒ?"**  

### ë¶€ì œëª© (25ì ë‚´ì™¸):  
**"AIÂ·ì†Œí˜•ì£¼ 15% ê¸‰ë“± vs ì•”í˜¸í™”íâ†“â€¦íˆ¬ì í¬ì¸íŠ¸ 3ê°€ì§€"**  

### ì œëª© êµ¬ì„± ì„¤ëª…:  
1. **ë©”ì¸ ì œëª©**:  
   - **"ê¸ˆë¦¬ ë¶ˆí™•ì‹¤ì„±â†‘"** â†’ Fed ì •ì±…ê³¼ ê±°ì‹œê²½ì œ ë¦¬ìŠ¤í¬ë¥¼ ê°„ê²°íˆ ê°•ì¡°  
   - **"í…Œí¬ì£¼ ë°˜ë“± ê¸°íšŒ?"** â†’ í•µì‹¬ ê´€ì‹¬ ì—…ì¢…(í…ŒìŠ¬ë¼ ë“±)ê³¼ ì§ˆë¬¸í˜•ìœ¼ë¡œ í˜¸ê¸°ì‹¬ ìœ ë°œ  

2. **ë¶€ì œëª©**:  
   - **"AIÂ·ì†Œí˜•ì£¼ 15% ê¸‰ë“±"** â†’ ìƒìŠ¹ ì£¼ë„ì—…ì¢…("Other" ì¹´í…Œê³ ë¦¬) êµ¬ì²´í™”  
   - **"ì•”í˜¸í™”íâ†“"** â†’ í•˜ë½ ìš”ì¸ ëª…ì‹œí•´ ê· í˜•ê° ì¶”ê°€  
   - **"íˆ¬ì í¬ì¸íŠ¸ 3ê°€ì§€"** â†’ ì‹¤ìš©ì  ì •ë³´ë¥¼ ì•½ì†í•˜ë©° í´ë¦­ ìœ ë„  

### ì°¸ê³ : í™”ì‚´í‘œ(â†‘â†“) ì‚¬ìš©ìœ¼ë¡œ ì‹œê°ì  ë™í–¥ ê°•ì¡° ë° SNS ê³µìœ  ì í•©ì„± ê³ ë ¤
2025-04-08 01:43:07,170 - utils - INFO - í”„ë¡œê·¸ë¨ ì´ˆê¸°í™” ì™„ë£Œ
2025-04-08 01:47:26,968 - WDM - INFO - ====== WebDriver manager ======
2025-04-08 01:47:27,745 - WDM - INFO - Get LATEST chromedriver version for google-chrome
2025-04-08 01:47:28,092 - WDM - INFO - Get LATEST chromedriver version for google-chrome
2025-04-08 01:47:28,414 - WDM - INFO - Driver [C:\Users\tpdud\.wdm\drivers\chromedriver\win64\134.0.6998.165\chromedriver-win32/chromedriver.exe] found in cache
2025-04-08 01:48:17,440 - utils - INFO - ë¸”ë¡œê·¸ í¬ìŠ¤íŒ… ì„±ê³µ: **ê±°ì‹œê²½ì œ íë¦„ ì† ì—…ì¢…ë³„ íˆ¬ì ì „ëµ: AIë¶€í„° ê¸ˆìœµì£¼ê¹Œì§€**  

ìµœê·¼ ê¸ˆë¦¬ì™€ ì¸í”Œë ˆì´ì…˜ ë³€ë™ì„±ì´ ì‹œì¥ì„ í”ë“¤ë©° ì—…ì¢…ë³„ë¡œ ê·¹ëª…í•œ ì°¨ì´ë¥¼ ë³´ì´ê³  ìˆìŠµë‹ˆë‹¤. AI ê´€ë ¨ì£¼ëŠ” ê¸‰ë“±í•˜ëŠ” ë°˜ë©´ ê¸ˆìœµì£¼ëŠ” ë¶€ì§„í•œ ëª¨ìŠµì¸ë°ìš”, ê³¼ì—° ì–´ë””ì— ë² íŒ…í•´ì•¼ í• ê¹Œìš”?  

### ì£¼ëª©í•  ë§Œí•œ ì‹œì¥ ë™í–¥  
- **"15% ê¸‰ë“± vs 15% ê¸‰ë½"**: ê±°ì‹œê²½ì œê°€ ë§Œë“¤ì–´ë‚¸ íˆ¬ì ì „ìŸí„°ì˜ í˜„ì¥ì„ ë¶„ì„í•©ë‹ˆë‹¤.  
- **"ì—°ì¤€ ê¸ˆë¦¬ ê¸°ì¡°ì™€ í…Œí¬ì£¼ì˜ ìƒê´€ê´€ê³„"**: 4.2% êµ­ì±„ ìˆ˜ìµë¥ ì´ ì•”ì‹œí•˜ëŠ” ì‹œì¥ ì‹¬ë¦¬ë¥¼ ì½ì–´ë³´ì„¸ìš”.  
- **"OTTÂ·ë°”ì´ì˜¤í… ê±°ë˜ëŸ‰ 200% í­ì¦"**: 'ë¦¬ìŠ¤í¬ ì˜¨' ì‹œëŒ€ì— ì£¼ëª©í•´ì•¼ í•  3ëŒ€ ì—…ì¢…ì„ ì†Œê°œí•©ë‹ˆë‹¤.  

### ë°ì´í„°ë¡œ ë³´ëŠ” íˆ¬ì í¬ì¸íŠ¸  
- **ê±°ë˜ëŸ‰ ê¸‰ì¦ ì—…ì¢…ì˜ ê³µí†µì **: 30ì¼ í‰ê·  ëŒ€ë¹„ 200% ì¦ê°€í•œ ì¢…ëª©ë“¤ì€ ì–´ë–¤ íŠ¹ì§•ì´ ìˆì„ê¹Œ?  
- **ê¸ˆë¦¬ ë¯¼ê°ì£¼ vs ì„±ì¥ì£¼**: í¬íŠ¸í´ë¦¬ì˜¤ ì „ëµì„ ì–´ë–»ê²Œ ì„¸ì›Œì•¼ í• ì§€ ë¹„êµ ë¶„ì„í•©ë‹ˆë‹¤.  
- **RSI 70 ëŒíŒŒ ì¢…ëª© vs ì‹¤ì  ë¶€ë‚œ ì¢…ëª©**: ì¡°ì • ê°€ëŠ¥ì„±ì„ ì²´í¬í•˜ëŠ” í•µì‹¬ í¬ì¸íŠ¸.  

### ë¯¸ë˜ë¥¼ ìœ„í•œ ì „ëµ  
- **M&A íšŒë³µ ê¸°ëŒ€ê°**: íˆ¬ìì€í–‰ì£¼ì˜ ì§€ì† ê°€ëŠ¥ì„±ì€?  
- **ì†Œí˜•ì£¼ ê³¼ì—´ ì‹ í˜¸ ì† ì°¨ì„¸ëŒ€ AI ìœ ë‹ˆì½˜**: ë‹¤ìŒ ì£¼ëª©í•  ê¸°ì—…ì„ ì°¾ì•„ì„œ.  

ì´ë²ˆ ë¶„ì„ì„ í†µí•´ ê±°ì‹œê²½ì œì˜ íë¦„ê³¼ ì—…ì¢…ë³„ ì „ëµì„ ì¢…í•©ì ìœ¼ë¡œ ì´í•´í•˜ì‹œê¸¸ ë°”ëë‹ˆë‹¤. íˆ¬ì ê²°ì • ì „, ê¼­ ì°¸ê³ í•˜ì„¸ìš”!  

> ğŸ’¡ **ì˜ˆì‹œ ì¡°í•©**  
> **ë©”ì¸**: "15% ê¸‰ë“± vs 15% ê¸‰ë½â€¦ê±°ì‹œê²½ì œê°€ ë§Œë“  íˆ¬ì ì „ìŸí„°"  
> **ì„œë¸Œ**: "200% ê±°ë˜ëŸ‰ í­ì¦ ì—…ì¢…ì˜ ë¹„ë°€ê³¼ ì—°ì¤€ ê¸ˆë¦¬ ê¸°ëŒ€ê°ì˜ ì—°ê²°ê³ ë¦¬"  

ì´ ì œëª©ë“¤ì€ ì‹œì¥ì˜ í•µì‹¬ ì´ìŠˆë¥¼ ë‹´ìœ¼ë©´ì„œë„ ë…ìì˜ í˜¸ê¸°ì‹¬ì„ ìê·¹í•˜ë„ë¡ êµ¬ì„±ë˜ì—ˆìŠµë‹ˆë‹¤. ì–´ë–¤ ì£¼ì œê°€ ê°€ì¥ ê¶ê¸ˆí•˜ì‹ ê°€ìš”?
2025-04-08 01:53:41,248 - utils - INFO - í”„ë¡œê·¸ë¨ ì´ˆê¸°í™” ì™„ë£Œ
2025-04-08 01:56:43,226 - utils - INFO - í”„ë¡œê·¸ë¨ ì´ˆê¸°í™” ì™„ë£Œ
2025-04-08 01:59:41,586 - utils - INFO - í”„ë¡œê·¸ë¨ ì´ˆê¸°í™” ì™„ë£Œ
2025-04-08 02:02:25,679 - WDM - INFO - ====== WebDriver manager ======
2025-04-08 02:02:26,457 - WDM - INFO - Get LATEST chromedriver version for google-chrome
2025-04-08 02:02:26,891 - WDM - INFO - Get LATEST chromedriver version for google-chrome
2025-04-08 02:02:27,191 - WDM - INFO - Driver [C:\Users\tpdud\.wdm\drivers\chromedriver\win64\134.0.6998.165\chromedriver-win32/chromedriver.exe] found in cache
2025-04-08 02:03:02,242 - utils - ERROR - ë¸”ë¡œê·¸ í¬ìŠ¤íŒ… ì‹¤íŒ¨
2025-04-08 02:04:44,429 - utils - INFO - í”„ë¡œê·¸ë¨ ì´ˆê¸°í™” ì™„ë£Œ
2025-04-08 02:04:52,836 - market_analyzer - ERROR - Error preparing analysis data: 'date'
2025-04-08 02:04:52,836 - market_analyzer - INFO - gainers ë°ì´í„° ìƒ˜í”Œ: {'Symbol': 'EFGIF', 'Name': 'EFG International AG', 'Price': '15.00 +6.85 (+84.05%)', '% Change': '+84.05%'}
2025-04-08 02:04:52,836 - market_analyzer - INFO - losers ë°ì´í„° ìƒ˜í”Œ: {'Symbol': 'HCM', 'Name': 'HUTCHMED (China) Limited', 'Price': '12.24 -2.14 (-14.89%)', '% Change': '-14.89%'}
2025-04-08 02:04:52,836 - market_analyzer - INFO - most_active ë°ì´í„° ìƒ˜í”Œ: {'Symbol': 'NVDA', 'Name': 'NVIDIA Corporation', 'Price': '95.36 +1.05 (+1.11%)', '% Change': '+1.11%'}
2025-04-08 02:04:52,836 - market_analyzer - INFO - top_etfs ë°ì´í„° ìƒ˜í”Œ: {'Symbol': 'SOXL', 'Name': 'Direxion Daily Semiconductor Bull 3X Shares', 'Price': '8.81 +0.09 (+0.97%)', '% Change': '+0.97%'}
2025-04-08 02:04:52,836 - market_analyzer - ERROR - ì‹œì¥ ë¶„ì„ ì¤‘ ì˜¤ë¥˜ ë°œìƒ: 'date'
Traceback (most recent call last):
  File "c:\Users\tpdud\code\blog\blog\src\market_analyzer.py", line 43, in analyze_market_trend
    prepared_data = self._prepare_analysis_data(market_data, news)
                    ^^^^^^^^^^^^^^^^^^^^^^^^^^^^^^^^^^^^^^^^^^^^^^
  File "c:\Users\tpdud\code\blog\blog\src\market_analyzer.py", line 103, in _prepare_analysis_data
    latest_news_date = max(news, key=lambda x: x.get('date', ''))['date']
                       ~~~~~~~~~~~~~~~~~~~~~~~~~~~~~~~~~~~~~~~~~~^^^^^^^^
KeyError: 'date'
2025-04-08 02:04:52,845 - WDM - INFO - ====== WebDriver manager ======
2025-04-08 02:04:53,598 - WDM - INFO - Get LATEST chromedriver version for google-chrome
2025-04-08 02:04:53,908 - WDM - INFO - Get LATEST chromedriver version for google-chrome
2025-04-08 02:04:54,225 - WDM - INFO - Driver [C:\Users\tpdud\.wdm\drivers\chromedriver\win64\134.0.6998.165\chromedriver-win32/chromedriver.exe] found in cache
2025-04-08 02:05:23,262 - utils - ERROR - ë¸”ë¡œê·¸ í¬ìŠ¤íŒ… ì‹¤íŒ¨
2025-04-08 02:05:31,436 - utils - INFO - í”„ë¡œê·¸ë¨ ì´ˆê¸°í™” ì™„ë£Œ
2025-04-08 02:05:39,640 - market_analyzer - ERROR - Error preparing analysis data: 'date'
2025-04-08 02:05:39,640 - market_analyzer - INFO - gainers ë°ì´í„° ìƒ˜í”Œ: {'Symbol': 'EFGIF', 'Name': 'EFG International AG', 'Price': '15.00 +6.85 (+84.05%)', '% Change': '+84.05%'}
2025-04-08 02:05:39,640 - market_analyzer - INFO - losers ë°ì´í„° ìƒ˜í”Œ: {'Symbol': 'HCM', 'Name': 'HUTCHMED (China) Limited', 'Price': '12.24 -2.14 (-14.89%)', '% Change': '-14.89%'}
2025-04-08 02:05:39,641 - market_analyzer - INFO - most_active ë°ì´í„° ìƒ˜í”Œ: {'Symbol': 'NVDA', 'Name': 'NVIDIA Corporation', 'Price': '95.49 +1.18 (+1.25%)', '% Change': '+1.25%'}
2025-04-08 02:05:39,641 - market_analyzer - INFO - top_etfs ë°ì´í„° ìƒ˜í”Œ: {'Symbol': 'SOXL', 'Name': 'Direxion Daily Semiconductor Bull 3X Shares', 'Price': '8.85 +0.12 (+1.32%)', '% Change': '+1.32%'}
2025-04-08 02:05:39,641 - market_analyzer - ERROR - ì‹œì¥ ë¶„ì„ ì¤‘ ì˜¤ë¥˜ ë°œìƒ: 'date'
Traceback (most recent call last):
  File "c:\Users\tpdud\code\blog\blog\src\market_analyzer.py", line 43, in analyze_market_trend
    prepared_data = self._prepare_analysis_data(market_data, news)
                    ^^^^^^^^^^^^^^^^^^^^^^^^^^^^^^^^^^^^^^^^^^^^^^
  File "c:\Users\tpdud\code\blog\blog\src\market_analyzer.py", line 103, in _prepare_analysis_data
    latest_news_date = max(news, key=lambda x: x.get('date', ''))['date']
                       ~~~~~~~~~~~~~~~~~~~~~~~~~~~~~~~~~~~~~~~~~~^^^^^^^^
KeyError: 'date'
2025-04-08 02:05:39,644 - WDM - INFO - ====== WebDriver manager ======
2025-04-08 02:05:40,395 - WDM - INFO - Get LATEST chromedriver version for google-chrome
2025-04-08 02:05:40,697 - WDM - INFO - Get LATEST chromedriver version for google-chrome
2025-04-08 02:05:40,993 - WDM - INFO - Driver [C:\Users\tpdud\.wdm\drivers\chromedriver\win64\134.0.6998.165\chromedriver-win32/chromedriver.exe] found in cache
2025-04-08 02:05:44,787 - blog_poster - ERROR - Login failed: Message: no such window: target window already closed
from unknown error: web view not found
  (Session info: chrome=134.0.6998.178)
Stacktrace:
	GetHandleVerifier [0x004AC7F3+24435]
	(No symbol) [0x00432074]
	(No symbol) [0x003006E3]
	(No symbol) [0x002DF83E]
	(No symbol) [0x0037455E]
	(No symbol) [0x0038EB19]
	(No symbol) [0x0036D5B6]
	(No symbol) [0x0033C54F]
	(No symbol) [0x0033D894]
	GetHandleVerifier [0x007B70A3+3213347]
	GetHandleVerifier [0x007CB0C9+3295305]
	GetHandleVerifier [0x007C558C+3271948]
	GetHandleVerifier [0x00547360+658144]
	(No symbol) [0x0043B27D]
	(No symbol) [0x00438208]
	(No symbol) [0x004383A9]
	(No symbol) [0x0042AAC0]
	BaseThreadInitThunk [0x75255D49+25]
	RtlInitializeExceptionChain [0x772FCE3B+107]
	RtlGetAppContainerNamedObjectPath [0x772FCDC1+561]
Traceback (most recent call last):
  File "c:\Users\tpdud\code\blog\blog\src\blog_poster.py", line 72, in login
    self.driver.execute_script(
  File "C:\Users\tpdud\AppData\Local\Packages\PythonSoftwareFoundation.Python.3.11_qbz5n2kfra8p0\LocalCache\local-packages\Python311\site-packages\selenium\webdriver\remote\webdriver.py", line 407, in execute_script
    return self.execute(command, {"script": script, "args": converted_args})["value"]
           ^^^^^^^^^^^^^^^^^^^^^^^^^^^^^^^^^^^^^^^^^^^^^^^^^^^^^^^^^^^^^^^^^
  File "C:\Users\tpdud\AppData\Local\Packages\PythonSoftwareFoundation.Python.3.11_qbz5n2kfra8p0\LocalCache\local-packages\Python311\site-packages\selenium\webdriver\remote\webdriver.py", line 347, in execute
    self.error_handler.check_response(response)
  File "C:\Users\tpdud\AppData\Local\Packages\PythonSoftwareFoundation.Python.3.11_qbz5n2kfra8p0\LocalCache\local-packages\Python311\site-packages\selenium\webdriver\remote\errorhandler.py", line 229, in check_response
    raise exception_class(message, screen, stacktrace)
selenium.common.exceptions.NoSuchWindowException: Message: no such window: target window already closed
from unknown error: web view not found
  (Session info: chrome=134.0.6998.178)
Stacktrace:
	GetHandleVerifier [0x004AC7F3+24435]
	(No symbol) [0x00432074]
	(No symbol) [0x003006E3]
	(No symbol) [0x002DF83E]
	(No symbol) [0x0037455E]
	(No symbol) [0x0038EB19]
	(No symbol) [0x0036D5B6]
	(No symbol) [0x0033C54F]
	(No symbol) [0x0033D894]
	GetHandleVerifier [0x007B70A3+3213347]
	GetHandleVerifier [0x007CB0C9+3295305]
	GetHandleVerifier [0x007C558C+3271948]
	GetHandleVerifier [0x00547360+658144]
	(No symbol) [0x0043B27D]
	(No symbol) [0x00438208]
	(No symbol) [0x004383A9]
	(No symbol) [0x0042AAC0]
	BaseThreadInitThunk [0x75255D49+25]
	RtlInitializeExceptionChain [0x772FCE3B+107]
	RtlGetAppContainerNamedObjectPath [0x772FCDC1+561]

2025-04-08 02:05:44,802 - utils - ERROR - ë„¤ì´ë²„ ë¡œê·¸ì¸ ì‹¤íŒ¨
2025-04-08 02:06:11,873 - utils - INFO - í”„ë¡œê·¸ë¨ ì´ˆê¸°í™” ì™„ë£Œ
2025-04-08 02:06:21,829 - market_analyzer - WARNING - No date field in news, using current date: 2025-04-08
2025-04-08 02:08:59,475 - WDM - INFO - ====== WebDriver manager ======
2025-04-08 02:09:00,250 - WDM - INFO - Get LATEST chromedriver version for google-chrome
2025-04-08 02:09:00,539 - WDM - INFO - Get LATEST chromedriver version for google-chrome
2025-04-08 02:09:00,861 - WDM - INFO - Driver [C:\Users\tpdud\.wdm\drivers\chromedriver\win64\134.0.6998.165\chromedriver-win32/chromedriver.exe] found in cache
2025-04-08 02:09:42,909 - utils - ERROR - ë¸”ë¡œê·¸ í¬ìŠ¤íŒ… ì‹¤íŒ¨
2025-04-08 02:11:44,502 - utils - INFO - í”„ë¡œê·¸ë¨ ì´ˆê¸°í™” ì™„ë£Œ
2025-04-08 02:11:53,734 - market_analyzer - WARNING - No date field in news, using current date: 2025-04-08
2025-04-08 02:13:58,712 - WDM - INFO - ====== WebDriver manager ======
2025-04-08 02:13:59,500 - WDM - INFO - Get LATEST chromedriver version for google-chrome
2025-04-08 02:13:59,833 - WDM - INFO - Get LATEST chromedriver version for google-chrome
2025-04-08 02:14:00,157 - WDM - INFO - Driver [C:\Users\tpdud\.wdm\drivers\chromedriver\win64\134.0.6998.165\chromedriver-win32/chromedriver.exe] found in cache
2025-04-08 02:14:44,740 - utils - INFO - ë¸”ë¡œê·¸ í¬ìŠ¤íŒ… ì„±ê³µ: **2025ë…„ 4ì›” ê¸€ë¡œë²Œ ì‹œì¥ í•µì‹¬ ì´ìŠˆ: ê¸ˆë¦¬Â·AIÂ·ì§€ì •í•™ì˜ êµì°¨ë¡œ**  

1. **"S&P 500 5,300ì„  íšŒë³µ vs ìœ ëŸ½ ì‹œì¥ í•˜ë½â€¦ì§€ì—­ë³„ ì°¨ì´ì— ì£¼ëª©"**  
   - ë¯¸êµ­ê³¼ ìœ ëŸ½ ì‹œì¥ì˜ ê·¹ëª…í•œ ëŒ€ì¡°ë¥¼ ë°ì´í„°ë¡œ ë¶„ì„.  

2. **"AI ê°•ì„¸ì™€ ê¸ˆë¦¬ ì¸í•˜ ê¸°ëŒ€, ì‹œì¥ì„ ì›€ì§ì´ëŠ” ë“€ì–¼ ì—”ì§„"**  
   - í…Œí¬ ì¢…ëª©ì˜ ìƒìŠ¹ì„¸ì™€ ì¤‘ì•™ì€í–‰ ì •ì±…ì´ ë¯¸ì¹˜ëŠ” ì˜í–¥.  

3. **"ì›ìœ  $82Â·ë¹„íŠ¸ì½”ì¸ $70k íš¡ë³´â€¦ë¦¬ìŠ¤í¬ ì„ í˜¸ë„ ì‹ í˜¸ í¬ì°©"**  
   - ì›ìì¬ì™€ ì•”í˜¸í™”í ì‹œì¥ì˜ ìƒë°˜ëœ ì›€ì§ì„.  

4. **"ì—”í™” 152ì—” ëŒíŒŒ, ì¼ë³¸ ë‹¹êµ­ì˜ ê°œì… ê°€ëŠ¥ì„±ì— ì‹œì¥ ê¸´ì¥"**  
   - ì™¸í™˜ ì‹œì¥ì—ì„œì˜ í•µì‹¬ ë³€ìˆ˜ì™€ ê´€ì¸¡ í¬ì¸íŠ¸.  

5. **"ì¤‘êµ­ ë¶€ì–‘ì±… vs ìœ ëŸ½ ë¶ˆí™•ì‹¤ì„±â€¦ì•„ì‹œì•„ ì‹œì¥ ë°˜ë“± ê°€ëŠ¥ì„±"**  
   - ì •ì±… íš¨ê³¼ì™€ ì§€ì—­ë³„ ì‹œì¥ ì „ë§ ëŒ€ë¹„.  

6. **"ì—°ì¤€Â·ECB ê¸ˆë¦¬ ê²°ì • ì „, í¬íŠ¸í´ë¦¬ì˜¤ ë¦¬ìŠ¤í¬ ì ê²€ ì‹œì "**  
   - ì£¼ìš” ê¸ˆë¦¬ ì •ì±…ì´ ì‹œì¥ì— ë¯¸ì¹  íŒŒì¥ ë¶„ì„.  

**í¬ì¸íŠ¸**  
- **êµ¬ì²´ì  ë°ì´í„°** (ì˜ˆ: "S&P 500 5,300ì„ ", "ì—”í™” 152ì—”")ë¡œ ì‹ ë¢°ì„± ê°•í™”.  
- **ëŒ€ë¹„ êµ¬ì¡°** (ì˜ˆ: "íšŒë³µ vs í•˜ë½")ë¡œ ë…ìì˜ ê´€ì‹¬ ìœ ë„.  
- **í˜„ì¬ ì´ìŠˆ ì§‘ì¤‘** (ê¸ˆë¦¬, AI, ì§€ì •í•™ì  ë³€ìˆ˜)ì„ í†µí•œ ì‹œì˜ì„± í™•ë³´.  

*ì‹¤ì œì™€ ìœ ì‚¬í•œ ë¶„ì„ í†¤ì„ ìœ ì§€í•˜ë©°, ë…ìì˜ íŒë‹¨ì— ë§¡ê¸°ëŠ” ê°ê´€ì  ì „ë‹¬ì´ í•µì‹¬ì…ë‹ˆë‹¤.*
2025-04-08 02:15:35,137 - utils - INFO - í”„ë¡œê·¸ë¨ ì´ˆê¸°í™” ì™„ë£Œ
2025-04-08 02:15:43,561 - market_analyzer - WARNING - No date field in news, using current date: 2025-04-08
2025-04-08 02:17:07,041 - utils - INFO - í”„ë¡œê·¸ë¨ ì´ˆê¸°í™” ì™„ë£Œ
2025-04-08 02:17:21,452 - market_analyzer - INFO - Processed 5 news items with date: 2025-04-08
2025-04-08 02:18:58,229 - WDM - INFO - ====== WebDriver manager ======
2025-04-08 02:18:58,995 - WDM - INFO - Get LATEST chromedriver version for google-chrome
2025-04-08 02:18:59,310 - WDM - INFO - Get LATEST chromedriver version for google-chrome
2025-04-08 02:18:59,630 - WDM - INFO - Driver [C:\Users\tpdud\.wdm\drivers\chromedriver\win64\134.0.6998.165\chromedriver-win32/chromedriver.exe] found in cache
2025-04-08 02:19:41,159 - utils - INFO - ë¸”ë¡œê·¸ í¬ìŠ¤íŒ… ì„±ê³µ: **"Other ì„¹í„° 84% ê¸‰ë“± vs 16% í­ë½â€¦ê¸ˆë¦¬ ì¸í•˜ ê¸°ëŒ€ ì† ê·¹ë‹¨ì  ì‹œì¥ ë³€ë™ì„±"**  

ìµœê·¼ Other ì„¹í„°ëŠ” ë©”íƒ€ë²„ìŠ¤Â·ë¸”ë¡ì²´ì¸ í…Œë§ˆë¥¼ ì¤‘ì‹¬ìœ¼ë¡œ 84% ê¸‰ë“±ê³¼ 16% í­ë½ì´ ë™ì‹œì— ë°œìƒí•˜ë©° ê·¹ëª…í•œ ë¶„í™”ë¥¼ ë³´ì´ê³  ìˆìŠµë‹ˆë‹¤. ê¸ˆë¦¬ ì¸í•˜ ê¸°ëŒ€ê°€ ê³ ìœ„í—˜ ìì‚°ìœ¼ë¡œì˜ ìê¸ˆ íë¦„ì„ ì´‰ë°œí•˜ë©´ì„œ ë³€ë™ì„±ì´ í™•ëŒ€ëœ ê²ƒìœ¼ë¡œ ë¶„ì„ë©ë‹ˆë‹¤.  

ìœ ëª… íˆ¬ììë“¤ì€ ë©”íƒ€(Meta)ì™€ ì¹˜í´ë ˆ(Chipotle) ë“± íŠ¹ì • ì¢…ëª©ì— ì§‘ì¤‘í•˜ëŠ” ëª¨ìŠµì´ ê´€ì°°ë˜ì§€ë§Œ, ì‹œì¥ ì „ì²´ë¡œëŠ” ìƒìŠ¹Â·í•˜ë½ì´ ê³µì¡´í•˜ëŠ” ì´ì¤‘ì ì¸ ì–‘ìƒì´ ì§€ì†ë˜ê³  ìˆìŠµë‹ˆë‹¤. 2025ë…„ íˆ¬ì ì „ëµì˜ í‚¤ì›Œë“œëŠ” 'ë¶„ì‚°'ì´ ë  ì „ë§ì…ë‹ˆë‹¤.  

ì´ì²˜ëŸ¼ ê·¹í•œì˜ ì‹œì¥ í™˜ê²½ì—ì„œ íˆ¬ììë“¤ì€ ë³€ë™ì„± í™œìš© ë°©ì•ˆì— ëŒ€í•œ ê³ ë¯¼ì´ í•„ìš”í•œ ì‹œì ì…ë‹ˆë‹¤.
2025-04-08 02:23:54,903 - utils - INFO - í”„ë¡œê·¸ë¨ ì´ˆê¸°í™” ì™„ë£Œ
2025-04-08 02:24:04,579 - market_analyzer - INFO - Processed 5 news items with date: 2025-04-08
2025-04-08 02:26:15,915 - WDM - INFO - ====== WebDriver manager ======
2025-04-08 02:26:16,679 - WDM - INFO - Get LATEST chromedriver version for google-chrome
2025-04-08 02:26:17,182 - WDM - INFO - Get LATEST chromedriver version for google-chrome
2025-04-08 02:26:17,518 - WDM - INFO - Driver [C:\Users\tpdud\.wdm\drivers\chromedriver\win64\134.0.6998.165\chromedriver-win32/chromedriver.exe] found in cache
2025-04-08 02:27:04,902 - utils - INFO - ë¸”ë¡œê·¸ í¬ìŠ¤íŒ… ì„±ê³µ: ### **ì‹œì¥ ì–‘ê·¹í™” ì‹¬í™”: EFGIF 80% ê¸‰ë“± vs ë ˆë…¸ë²„ 16% í­ë½ì˜ ë°°ê²½**  

ìµœê·¼ ì‹œì¥ì—ì„œ EFGIFì˜ 80% ê¸‰ë“±ê³¼ ë ˆë…¸ë²„ì˜ 16% í­ë½ì´ ë™ì‹œì— ë°œìƒí•˜ë©° íˆ¬ììë“¤ì˜ ê´€ì‹¬ì´ ì§‘ì¤‘ë˜ê³  ìˆìŠµë‹ˆë‹¤. ì´ ê°™ì€ ê·¹ë‹¨ì ì¸ ì›€ì§ì„ì€ **M&A ì—´í’**ê³¼ **AI PC ì‹œì¥ì˜ ê¸°ëŒ€ê° ì°¨ì´**ì—ì„œ ë¹„ë¡¯ëœ ê²ƒìœ¼ë¡œ ë¶„ì„ë©ë‹ˆë‹¤. EFGIFëŠ” ì¸ìˆ˜í•©ë³‘(M&A) ì†Œì‹ì— í˜ì…ì–´ ê°•ì„¸ë¥¼ ë³´ì¸ ë°˜ë©´, ë ˆë…¸ë²„ëŠ” AI PC ê²½ìŸì—ì„œì˜ ì‹¤ì  ìš°ë ¤ë¡œ ì•½ì„¸ë¥¼ ê¸°ë¡í–ˆìŠµë‹ˆë‹¤.  

---

### **Fed ê¸ˆë¦¬ ë¶ˆí™•ì‹¤ì„± ì† í…Œí¬ì£¼ ì¹¨ì²´â€¦ì•ˆì „ìì‚° vs ì„±ì¥ì£¼ ì „ëµ**  

ë¯¸êµ­ Fedì˜ ê¸ˆë¦¬ ì •ì±… ê¸°ì¡°ê°€ í…Œí¬ì£¼ë¥¼ ì¤‘ì‹¬ìœ¼ë¡œ ì‹œì¥ ë³€ë™ì„±ì„ í‚¤ìš°ê³  ìˆìŠµë‹ˆë‹¤. ê¸ˆë¦¬ ì¸ìƒ ê°€ëŠ¥ì„±ì´ ì œê¸°ë˜ë©° ì„±ì¥ì£¼ëŠ” ì¼ì œíˆ í•˜ë½ì„¸ë¥¼ ë³´ì¸ ë°˜ë©´, ê¸ˆìœµì£¼ ë“± ì•ˆì „ìì‚°ì€ ìƒëŒ€ì ìœ¼ë¡œ ê°•ì„¸ë¥¼ ìœ ì§€ ì¤‘ì…ë‹ˆë‹¤. **ê±°ì‹œê²½ì œ ë¦¬ìŠ¤í¬**ê°€ ê³ ì¡°ë˜ëŠ” ë§Œí¼, í¬íŠ¸í´ë¦¬ì˜¤ ë‹¤ê°í™” ì „ëµì´ ì¤‘ìš”í•´ì§€ëŠ” ì‹œì ì…ë‹ˆë‹¤.  

---

### **ì‹œì¥ ë¦¬ë”ì‹­ ê²½ìŸ: 84% ê¸‰ë“±ì£¼ vs 16% í­ë½ì£¼ì˜ êµí›ˆ**  

í•˜ë£¨ ë§Œì— 84% ì˜¤ë¥¸ ì¢…ëª©ê³¼ 16% ì¶”ë½í•œ ì¢…ëª©ì´ ê³µì¡´í•˜ëŠ” í˜„ìƒì€ ì‹œì¥ì˜ **ê·¹ë‹¨ì  ë¶„ì‚°í™”**ë¥¼ ì˜ ë³´ì—¬ì¤ë‹ˆë‹¤. ì´ ê°™ì€ ì°¨ì´ëŠ” íˆ¬ì í…Œë§ˆë³„ ìˆ˜ìš” ì°¨ì´ì™€ ì‹œì¥ ì‹¬ë¦¬ì˜ ë³€ë™ì„±ì´ ë°˜ì˜ëœ ê²°ê³¼ë¡œ, ë‹¨ê¸° íˆ¬ìë³´ë‹¤ëŠ” **ì‚°ì—…ë³„ íŠ¸ë Œë“œ ë¶„ì„**ì´ í•„ìˆ˜ì ì¸ í™˜ê²½ì…ë‹ˆë‹¤.  

---

### **ê¸ˆìœµì£¼ì˜ ê°•ì„¸ vs AIì£¼ì˜ ì•½ì„¸â€¦ì–‘ê·¹í™” ì‹œì¥ì˜ ì‹¬ì¸µ ë¶„ì„**  

ìµœê·¼ ê¸ˆìœµì£¼ê°€ ê°•ì„¸ë¥¼ ë³´ì´ëŠ” ê°€ìš´ë° AI ê´€ë ¨ ì¢…ëª©ì€ ë¶€ì§„í•œ ëª¨ìŠµì„ ì´ì–´ê°€ê³  ìˆìŠµë‹ˆë‹¤. ì´ëŠ” **ê³ ê¸ˆë¦¬ í™˜ê²½**ì—ì„œì˜ ìˆ˜ìµ ì°½ì¶œ ëŠ¥ë ¥ ì°¨ì´ì™€ íˆ¬ììë“¤ì˜ **ë¦¬ìŠ¤í¬ íšŒí”¼ ì„±í–¥**ì´ ë°˜ì˜ëœ í˜„ìƒì…ë‹ˆë‹¤. ì‚°ì—…ë³„ ìƒë°˜ëœ íë¦„ì€ í–¥í›„ ì‹œì¥ ì „ë§ì„ ê°€ëŠ í•˜ëŠ” ì¤‘ìš”í•œ ì§€í‘œê°€ ë  ì „ë§ì…ë‹ˆë‹¤.  

---  

**âœï¸ ì‹œì‚¬ì **  
- **M&A í…Œë§ˆ**ì™€ **AI PC ê²½ìŸ**ì€ ë‹¨ê¸° ì‹œì¥ ë³€ë™ì„±ì˜ ì£¼ìš” ë“œë¼ì´ë²„ë¡œ ì‘ìš© ì¤‘ì…ë‹ˆë‹¤.  
- **Fed ê¸ˆë¦¬ ì •ì±…**ê³¼ **ì•ˆì „ìì‚° ìˆ˜ìš”**ëŠ” í¬íŠ¸í´ë¦¬ì˜¤ ì „ëµì˜ í‚¤ì›Œë“œì…ë‹ˆë‹¤.  
- ì‹œì¥ì˜ ì–‘ê·¹í™” í˜„ìƒì€ **íˆ¬ì ì‹¬ë¦¬**ì™€ **ì‚°ì—…ë³„ í€ë”ë©˜í„¸**ì„ ì¢…í•©ì ìœ¼ë¡œ ë¶„ì„í•´ì•¼ í•¨ì„ ì‹œì‚¬í•©ë‹ˆë‹¤.
2025-04-08 02:31:52,388 - utils - INFO - í”„ë¡œê·¸ë¨ ì´ˆê¸°í™” ì™„ë£Œ
2025-04-08 02:31:59,818 - market_analyzer - INFO - Processed 5 news items with date: 2025-04-08
2025-04-08 02:33:54,179 - WDM - INFO - ====== WebDriver manager ======
2025-04-08 02:33:54,947 - WDM - INFO - Get LATEST chromedriver version for google-chrome
2025-04-08 02:33:55,268 - WDM - INFO - Get LATEST chromedriver version for google-chrome
2025-04-08 02:33:55,568 - WDM - INFO - Driver [C:\Users\tpdud\.wdm\drivers\chromedriver\win64\134.0.6998.165\chromedriver-win32/chromedriver.exe] found in cache
2025-04-08 02:34:41,620 - utils - INFO - ë¸”ë¡œê·¸ í¬ìŠ¤íŒ… ì„±ê³µ: ### ê¸ˆìœµì˜ ë””ì§€í„¸ í˜ëª… vs í…Œí¬ì˜ ì¶”ë½: 2025ë…„ ì‹œì¥ì´ ì„ íƒí•  ì§„ì§œ ìŠ¹ìëŠ”?  

ìµœê·¼ ì‹œì¥ì—ì„œ ëˆˆì— ë„ëŠ” í˜„ìƒì€ ê¸ˆìœµì„¹í„°ì˜ ê°•ì„¸ì™€ í…Œí¬ì£¼ë“¤ì˜ ë¶€ì§„ì´ë‹¤. EFGëŠ” 84% ê¸‰ë“±í•œ ë°˜ë©´, LenovoëŠ” 16% í­ë½í•˜ë©° ê·¹ëª…í•œ ëŒ€ë¹„ë¥¼ ë³´ì˜€ë‹¤. ì´ëŠ” ë‹¨ìˆœí•œ ì£¼ê°€ ë³€ë™ì´ ì•„ë‹Œ, ë””ì§€í„¸ ìì‚° ê´€ë¦¬ì˜ ë¶€ìƒê³¼ í…Œí¬ ì—…ì¢…ì˜ ì„±ì¥ í•œê³„ë¥¼ ë°˜ì˜í•˜ëŠ” ì‹ í˜¸ë¡œ ì½íŒë‹¤.  

ê¸ˆìœµì‚¬ì˜ ë””ì§€í„¸ ì „í™˜ì€ ì´ë¯¸ ê°€ì‹œì ì¸ ì„±ê³¼ë¡œ ì´ì–´ì§€ê³  ìˆë‹¤. ë¸”ë¡ì²´ì¸ ê¸°ë°˜ ë±…í‚¹ ì‹œìŠ¤í…œì€ ìš´ì˜ íš¨ìœ¨ì„ 25% ëŒì–´ì˜¬ë ¸ê³ , í”„ë¼ì´ë¹— ë±…í¬ë“¤ì€ ê³ ê° ë§ì¶¤í˜• ì„œë¹„ìŠ¤ë¡œ ìœ ì… ìë³¸ì„ í™•ëŒ€ ì¤‘ì´ë‹¤. ë°˜ë©´ AI PCì™€ ê°™ì€ í…Œí¬ íŠ¸ë Œë“œëŠ” ì˜ˆìƒë³´ë‹¤ ìˆ˜ìš”ê°€ ë¶€ì§„í•˜ë©° ì‹¤ì  ê²©ì°¨ë¥¼ ë²Œë¦¬ê³  ìˆë‹¤.  

ì—°ì¤€ì˜ ê¸ˆë¦¬ ì •ì±… ë¶ˆí™•ì‹¤ì„± ì†ì—ì„œë„ 'Quality Flight' í˜„ìƒì€ ì§€ì†ë˜ê³  ìˆë‹¤. íˆ¬ììë“¤ì€ ì•ˆì •ì ì¸ ì‹¤ì ê³¼ í˜ì‹  ê°€ëŠ¥ì„±ì„ ë™ì‹œì— ê°–ì¶˜ ì¢…ëª©ì„ ì„ í˜¸í•˜ë©°, ì´ëŠ” ê¸ˆìœµì„¹í„°ì˜ ë””ì§€í„¸ í˜ì‹ ì´ ì£¼ëª©ë°›ëŠ” ë°°ê²½ì´ ë˜ê³  ìˆë‹¤.  

ê³¼ê±° í…Œí¬ì£¼ ì¤‘ì‹¬ì˜ ì‹œì¥ êµ¬ë„ê°€ ë¬´ë„ˆì§ˆ ê²ƒì¸ì§€ëŠ” ì•„ì§ ë¯¸ì§€ìˆ˜ë‹¤. í•˜ì§€ë§Œ ë””ì§€í„¸ ì „í™˜ì´ ê°€ì†í™”ë˜ëŠ” í˜„ì¬, ì‹œì¥ì˜ ì„ íƒì€ ê¸°ìˆ  ìì²´ë³´ë‹¤ ì´ë¥¼ í˜„ì‹¤ì— ì ìš©í•˜ëŠ” ëŠ¥ë ¥ì— ë‹¬ë ¤ ìˆì„ ê²ƒì´ë‹¤.
2025-04-08 02:36:55,982 - utils - INFO - í”„ë¡œê·¸ë¨ ì´ˆê¸°í™” ì™„ë£Œ
2025-04-08 02:37:08,247 - market_analyzer - INFO - Processed 5 news items with date: 2025-04-08
2025-04-08 02:39:17,342 - WDM - INFO - ====== WebDriver manager ======
2025-04-08 02:39:18,143 - WDM - INFO - Get LATEST chromedriver version for google-chrome
2025-04-08 02:39:18,449 - WDM - INFO - Get LATEST chromedriver version for google-chrome
2025-04-08 02:39:18,766 - WDM - INFO - Driver [C:\Users\tpdud\.wdm\drivers\chromedriver\win64\134.0.6998.165\chromedriver-win32/chromedriver.exe] found in cache
2025-04-08 02:40:06,014 - utils - INFO - ë¸”ë¡œê·¸ í¬ìŠ¤íŒ… ì„±ê³µ: **"EFGIF 84% ê¸‰ë“± vs LNVGY 16% í­ë½â€¦ì‹œì¥ ë¶„í™” í˜„ìƒì˜ í•¨ì˜"**  

ìµœê·¼ EFGIFì˜ 84% ê¸‰ë“±ê³¼ LNVGYì˜ 16% í­ë½ì´ ë™ì‹œì— ë°œìƒí•˜ë©° ì‹œì¥ì˜ ê·¹ë‹¨ì  ë¶„í™” í˜„ìƒì´ ë‘ë“œëŸ¬ì§€ê³  ìˆë‹¤. ì´ ê°™ì€ ì›€ì§ì„ì€ ì„ ë¬¼ ì‹œì¥ì˜ í•˜ë½ ì „ë§ê³¼ ë§ë¬¼ë ¤ íˆ¬ììë“¤ì˜ ì‹ ì¤‘í•œ ì ‘ê·¼ì„ ìš”êµ¬í•œë‹¤. íŠ¹ì • ì¢…ëª©ì˜ ê³¼ì—´ ë˜ëŠ” ëƒ‰ê°ì´ ë‹¨ìˆœí•œ ê°œë³„ ì´ìŠˆë¥¼ ë„˜ì–´ ì‹œì¥ ì „ë°˜ì˜ ìœ„í—˜ ì‹ í˜¸ë¡œ í•´ì„ë  ìˆ˜ ìˆê¸° ë•Œë¬¸ì´ë‹¤.  

**"ì—°ì¤€ ë°œì–¸ì— S&P ì„ ë¬¼ 1.8% í•˜ë½â€¦4ì›”ì˜ ê³„ì ˆì  ë¦¬ìŠ¤í¬ ì¬ì ê²€"**  

ì—°ì¤€ì˜ ê¸ˆë¦¬ ì •ì±… ê´€ë ¨ ë°œì–¸ì´ S&P ì„ ë¬¼ì„ 1.8% ëŒì–´ë‚´ë ¸ë‹¤. ì´ëŠ” 4ì›” ì „í†µì ì¸ 'Sell in April' í˜„ìƒê³¼ ê²¹ì¹˜ë©° ì‹œì¥ì˜ ë¶ˆí™•ì‹¤ì„±ì„ ê°€ì¤‘ì‹œí‚¤ê³  ìˆë‹¤. ì—­ì‚¬ì ìœ¼ë¡œ 4ì›”ì€ ë³€ë™ì„±ì´ ë†’ì€ ì‹œê¸°ë¡œ ì•Œë ¤ì ¸ ìˆìœ¼ë‚˜, í˜„ì¬ì˜ í•˜ë½ ì›€ì§ì„ì´ ë‹¨ìˆœí•œ ê³„ì ˆì„±ì¸ì§€, ì•„ë‹ˆë©´ ë³´ë‹¤ ê·¼ë³¸ì ì¸ ì¡°ì •ì˜ ì‹œì‘ì¸ì§€ì— ëŒ€í•œ ë…¼ì˜ê°€ í•„ìš”í•´ ë³´ì¸ë‹¤.  

**"LNVGY í­ë½ì˜ ë°°ê²½â€¦AI PC ìˆ˜ìš” ì „í™˜ê³¼ ì¤‘êµ­ ì‹œì¥ì˜ ì˜í–¥"**  

LNVGYì˜ 16% í­ë½ì€ AI PC ìˆ˜ìš” ì „í™˜ì˜ ì§€ì—° ê°€ëŠ¥ì„±ê³¼ ì¤‘êµ­ ì‹œì¥ì˜ ë¶€ì§„ì´ ë³µí•©ì ìœ¼ë¡œ ì‘ìš©í•œ ê²°ê³¼ë¡œ ë³´ì¸ë‹¤. íŠ¹íˆ ì¤‘êµ­ ë‚´ ê¸°ìˆ  ìˆ˜ìš” ë‘”í™”ê°€ ê¸€ë¡œë²Œ ê³µê¸‰ë§ì— ë¯¸ì¹˜ëŠ” ì˜í–¥ì´ í¬ë‹¤ëŠ” ë¶„ì„ì´ ë‚˜ì˜¤ë©°, í•´ë‹¹ ì¢…ëª©ì˜ ì•½ì„¸ê°€ ë‹¨ìˆœí•œ ì‹¤ì  ì•…í™” ì´ìƒì˜ ì˜ë¯¸ë¥¼ ê°€ì§ˆ ìˆ˜ ìˆìŒì„ ì‹œì‚¬í•œë‹¤.  

**"ë””ì§€í„¸ ìì‚° ê´€ë¦¬ ì„±ì¥ vs PC ì‹œì¥ ìœ„ì¶•â€¦2025ë…„ ì‹œì¥ êµ¬ì¡° ë³€í™” ì˜ˆê³ "**  

ë””ì§€í„¸ ìì‚° ê´€ë¦¬ í”Œë«í¼ì˜ ì„±ì¥ê³¼ PC ì‹œì¥ì˜ ê°ì†Œê°€ ëŒ€ì¡°ë¥¼ ì´ë£¨ë©° ë¯¸ë˜ ì‹œì¥ì˜ êµ¬ì¡°ì  ë³€í™”ë¥¼ ì•”ì‹œí•˜ê³  ìˆë‹¤. 2025ë…„ê¹Œì§€ ì´ ê°™ì€ ì¶”ì„¸ê°€ ì§€ì†ë  ê²½ìš°, íˆ¬ì ìœ ì…ì´ íŠ¹ì • ì„¹í„°ì— ì§‘ì¤‘ë˜ëŠ” í˜„ìƒì´ ë”ìš± ëšœë ·í•´ì§ˆ ì „ë§ì´ë‹¤.  

**"10ë…„ë¬¼ ê¸ˆë¦¬ 4.5% ëŒíŒŒì™€ ë¹…í…Œí¬ ì•½ì„¸â€¦ë‹¤ìŒ ì£¼ CPI ë°œí‘œê°€ ì‹œì¥ ë¶„ê¸°ì  ë  ê²ƒ"**  

10ë…„ë¬¼ ê¸ˆë¦¬ê°€ 4.5%ë¥¼ ëŒíŒŒí•˜ë©´ì„œ ë¹…í…Œí¬ ì¢…ëª©ì˜ ì•½ì„¸ê°€ ì´ì–´ì§€ê³  ìˆë‹¤. ë‹¤ìŒ ì£¼ ì˜ˆì •ëœ CPI ë°œí‘œëŠ” ì‹œì¥ì˜ í–¥í›„ ë°©í–¥ì„±ì„ ê²°ì •í•  ì¤‘ëŒ€í•œ ë³€ìˆ˜ë¡œ ì‘ìš©í•  ì „ë§ì´ë‹¤. ê¸ˆë¦¬ ì¸ìƒ ê¸°ëŒ€ì™€ ì¸í”Œë ˆì´ì…˜ ìš°ë ¤ê°€ êµì°¨í•˜ëŠ” ê°€ìš´ë°, íˆ¬ììë“¤ì€ ë°ì´í„°ì— ëŒ€í•œ ì˜ˆë¯¼í•œ ë°˜ì‘ì„ ë³´ì¼ ê²ƒìœ¼ë¡œ ë³´ì¸ë‹¤.  

**ì¶”ì²œ ì œëª©:**  
**"EFGIF 84% ìƒìŠ¹ê³¼ LNVGY 16% í•˜ë½â€¦ì‹œì¥ ë¶„í™” ì† ì „ëµì  í¬ì¸íŠ¸"**  

ìƒìŠ¹ê³¼ í•˜ë½ ì¢…ëª©ì˜ ê·¹ëª…í•œ ëŒ€ë¹„ëŠ” ì‹œì¥ì˜ ìœ„í—˜ê³¼ ê¸°íšŒê°€ ê³µì¡´í•˜ê³  ìˆìŒì„ ê°•ì¡°í•œë‹¤. ë‹¨ìˆœí•œ ë³€ë™ì„± ë¶„ì„ì„ ë„˜ì–´, ì´ëŸ¬í•œ ë¶„í™” í˜„ìƒì´ í–¥í›„ ëª‡ ì£¼ê°„ì˜ ì‹œì¥ íë¦„ì— ì–´ë–¤ ì‹ í˜¸ë¥¼ ì¤„ì§€ ì£¼ëª©í•  í•„ìš”ê°€ ìˆë‹¤.
2025-04-08 02:42:49,572 - utils - INFO - í”„ë¡œê·¸ë¨ ì´ˆê¸°í™” ì™„ë£Œ
2025-04-08 02:42:58,806 - market_analyzer - INFO - Processed 5 news items with date: 2025-04-08
2025-04-08 02:45:17,821 - WDM - INFO - ====== WebDriver manager ======
2025-04-08 02:45:18,589 - WDM - INFO - Get LATEST chromedriver version for google-chrome
2025-04-08 02:45:18,900 - WDM - INFO - Get LATEST chromedriver version for google-chrome
2025-04-08 02:45:19,209 - WDM - INFO - Driver [C:\Users\tpdud\.wdm\drivers\chromedriver\win64\134.0.6998.165\chromedriver-win32/chromedriver.exe] found in cache
2025-04-08 02:46:22,248 - utils - INFO - ë¸”ë¡œê·¸ í¬ìŠ¤íŒ… ì„±ê³µ: ë‹¤ìŒì€ í˜¸ê¸°ì‹¬ì„ ìœ ë°œí•˜ë©´ì„œë„ ì „ë¬¸ì„±ì„ ë‹´ì€ ë¸”ë¡œê·¸ í¬ìŠ¤íŒ… ì œëª©ì„ ìì—°ìŠ¤ëŸ¬ìš´ ê¸€ í˜•íƒœë¡œ ë‹¤ë“¬ì€ ë‚´ìš©ì…ë‹ˆë‹¤.  

1. EFG ì£¼ê°€ê°€ 84% ê¸‰ë“±í•œ ë°°ê²½ì—ëŠ” APAC ì§€ì—­ ìì‚°ì´ 40% ì¦ê°€í•œ ì ì´ ì£¼ìš”í•œ ì—­í• ì„ í–ˆìŠµë‹ˆë‹¤. ì´ë²ˆ ë°˜ì „ì€ ì‹œì¥ì˜ ì˜ˆìƒì„ ë›°ì–´ë„˜ëŠ” ê²°ê³¼ë¡œ í‰ê°€ë©ë‹ˆë‹¤.  

2. ë ˆë…¸ë²„ ì£¼ê°€ê°€ 16% ì¶”ë½í•œ ì›ì¸ì€ AI ì„œë²„ ë¶€ë¬¸ì˜ ë¶€ì§„ê³¼ ì¤‘êµ­ ì‹œì¥ì˜ ì„±ì¥ ë‘”í™”ê°€ ë³µí•©ì ìœ¼ë¡œ ì‘ìš©í•œ ê²ƒìœ¼ë¡œ ë¶„ì„ë©ë‹ˆë‹¤. ì´ë²ˆ í•˜ë½ì€ 3ê°€ì§€ ìš”ì¸ì´ ì¤‘ì²©ëœ ê²°ê³¼ì…ë‹ˆë‹¤.  

3. í•´ë¦¬í¬í„°ì™€ ì•„ë°”íƒ€ í”„ëœì°¨ì´ì¦ˆ ê°„ì˜ ì½˜í…ì¸  ê²½ìŸì´ ë‹¤ì‹œ ë¶ˆë¶™ìœ¼ë©´ì„œ ìŠ¤íŠ¸ë¦¬ë° ì‹œì¥ì˜ ì£¼ë„ê¶Œì„ ë†“ê³  ì¹˜ì—´í•œ ê²½ìŸì´ ì˜ˆìƒë©ë‹ˆë‹¤.  

4. CPI ë°œí‘œ í›„ S&P500 ì„ ë¬¼ì´ 1.8% í•˜ë½í–ˆìœ¼ë©°, 6ì›” ê¸ˆë¦¬ ì¸í•˜ í™•ë¥ ì€ 78%ì—ì„œ 41%ë¡œ ê¸‰ë½í–ˆìŠµë‹ˆë‹¤. ì´ë²ˆ ë°ì´í„°ëŠ” ì‹œì¥ ì˜ˆì¸¡ì„ í¬ê²Œ ë’¤í”ë“¤ì—ˆìŠµë‹ˆë‹¤.  

5. NFL ë“œë˜í”„íŠ¸ê°€ ì§€ì—­ ê²½ì œì— ë¯¸ì¹œ ì˜í–¥ì€ 1.2ì–µ ë‹¬ëŸ¬ì— ë‹¬í•˜ëŠ” ê²ƒìœ¼ë¡œ ì§‘ê³„ë˜ì—ˆìŠµë‹ˆë‹¤. ìŠ¤í¬ì¸  ì´ë²¤íŠ¸ê°€ ì§€ì—­ ê²½ì œ ì§€ë„ë¥¼ ë°”ê¾¸ëŠ” ì‚¬ë¡€ëŠ” ì ì  ë” ëŠ˜ì–´ë‚˜ê³  ìˆìŠµë‹ˆë‹¤.
2025-04-08 02:48:34,350 - utils - INFO - í”„ë¡œê·¸ë¨ ì´ˆê¸°í™” ì™„ë£Œ
2025-04-08 02:48:44,026 - market_analyzer - INFO - Processed 5 news items with date: 2025-04-08
2025-04-08 02:50:55,226 - utils - INFO - í”„ë¡œê·¸ë¨ ì´ˆê¸°í™” ì™„ë£Œ
2025-04-08 02:51:03,510 - market_analyzer - INFO - Processed 5 news items with date: 2025-04-08
2025-04-08 02:52:57,563 - WDM - INFO - ====== WebDriver manager ======
2025-04-08 02:52:58,355 - WDM - INFO - Get LATEST chromedriver version for google-chrome
2025-04-08 02:52:58,673 - WDM - INFO - Get LATEST chromedriver version for google-chrome
2025-04-08 02:52:59,032 - WDM - INFO - Driver [C:\Users\tpdud\.wdm\drivers\chromedriver\win64\134.0.6998.165\chromedriver-win32/chromedriver.exe] found in cache
2025-04-08 02:53:56,282 - utils - ERROR - ë¸”ë¡œê·¸ í¬ìŠ¤íŒ… ì‹¤íŒ¨
2025-04-08 02:56:10,025 - utils - INFO - í”„ë¡œê·¸ë¨ ì´ˆê¸°í™” ì™„ë£Œ
2025-04-08 02:56:19,697 - market_analyzer - INFO - Processed 5 news items with date: 2025-04-08
2025-04-08 02:57:57,121 - WDM - INFO - ====== WebDriver manager ======
2025-04-08 02:57:57,881 - WDM - INFO - Get LATEST chromedriver version for google-chrome
2025-04-08 02:57:58,235 - WDM - INFO - Get LATEST chromedriver version for google-chrome
2025-04-08 02:57:58,569 - WDM - INFO - Driver [C:\Users\tpdud\.wdm\drivers\chromedriver\win64\134.0.6998.165\chromedriver-win32/chromedriver.exe] found in cache
2025-04-08 02:59:02,700 - utils - INFO - ë¸”ë¡œê·¸ í¬ìŠ¤íŒ… ì„±ê³µ: "2025ë…„ ì‹œì¥ì˜ ê·¹ë‹¨ì  ë¶„í™”: EFGIF 84% ê¸‰ë“±ê³¼ SMSEY 19% í­ë½ì˜ í•¨ì˜"  

ìµœê·¼ ê¸€ë¡œë²Œ ì‹œì¥ì—ì„œ EFGIFì˜ 84% ê¸‰ë“±ê³¼ SMSEYì˜ 19% í­ë½ì´ ë™ì‹œì— ë°œìƒí•˜ë©° íˆ¬ììë“¤ì˜ í˜¼ë€ì„ ê°€ì¤‘ì‹œí‚¤ê³  ìˆë‹¤. ì´ ê°™ì€ ê·¹ë‹¨ì  ë³€ë™ì„±ì€ ë‹¨ìˆœí•œ ì£¼ê°€ ì›€ì§ì„ì„ ë„˜ì–´ ì‹œì¥ êµ¬ì¡°ì˜ ë³€í™”ë¥¼ ì•”ì‹œí•œë‹¤.  

EFGIFì˜ ìƒìŠ¹ì€ ì¸ê³µì§€ëŠ¥ ê´€ë ¨ ìˆ˜ìš” ê¸‰ì¦ê³¼ ì‹¤ì  í˜¸ì¡°ì— ê¸°ì¸í•œ ê²ƒìœ¼ë¡œ ë¶„ì„ëœë‹¤. ë°˜ë©´ SMSEYì˜ í•˜ë½ì€ ê¸€ë¡œë²Œ ê³µê¸‰ë§ ì¬í¸ê³¼ ìˆ˜ì¶œ ë¶€ì§„ì˜ ì˜í–¥ì´ í¬ë‹¤. ê°™ì€ ì‹œì¥ì—ì„œ ì™„ì „íˆ ìƒë°˜ëœ íë¦„ì´ ê³µì¡´í•˜ëŠ” í˜„ìƒì€ 2025ë…„ì„ ì•ë‘” ì‹œì¥ì˜ ë¶ˆí™•ì‹¤ì„±ì„ ë‹¨ì ìœ¼ë¡œ ë³´ì—¬ì¤€ë‹¤.  

íŠ¹íˆ ê¸ˆìœµì£¼ ê°•ì„¸ì™€ ì†Œë¹„ì£¼ ì•½ì„¸ê°€ ë™ì‹œì— ë‚˜íƒ€ë‚˜ëŠ” í˜¼ì¡° ì¥ì„¸ëŠ” ê²½ê¸° íšŒë³µ ê¸°ëŒ€ì™€ ì¸í”Œë ˆì´ì…˜ ìš°ë ¤ê°€ êµì°¨í•˜ëŠ” ë³µì¡í•œ í™˜ê²½ì„ ë°˜ì˜í•œë‹¤. ì¼ê°ì—ì„œëŠ” ë¸”ë™ë¨¼ë°ì´ë¥¼ ìš°ë ¤í•˜ëŠ” ëª©ì†Œë¦¬ë„ ë‚˜ì˜¤ì§€ë§Œ, ì—”í„°í…Œì¸ë¨¼íŠ¸ ì‚°ì—…ì˜ í˜¸ì¡°ì™€ ê°™ì€ ì´ì¤‘ì  ì‹ í˜¸ëŠ” ì‹œì¥ íŒë…ì„ ë”ìš± ì–´ë µê²Œ ë§Œë“ ë‹¤.  

ì´ëŸ¬í•œ ë¶„í™” í˜„ìƒì´ ë‹¨ê¸°ì  ì¡°ì •ì— ê·¸ì¹ ì§€, ì•„ë‹ˆë©´ ìƒˆë¡œìš´ ì‹œì¥ ì§ˆì„œì˜ ì‹œì‘ì¸ì§€ì— ëŒ€í•œ ë…¼ì˜ê°€ í™œë°œí•˜ë‹¤. ê¸ˆë¦¬ ì¸í•˜ ê¸°ëŒ€ì™€ ì¸í”Œë ˆì´ì…˜ ì••ë ¥ì´ ê³µì¡´í•˜ëŠ” ê°€ìš´ë°, ì‹œì¥ ì°¸ì—¬ìë“¤ì€ ë°ì´í„°ì— ëŒ€í•œ ë³´ë‹¤ ì •êµí•œ í•´ì„ì´ í•„ìš”í•œ ì‹œì ì´ë‹¤.
2025-04-08 03:02:52,125 - utils - INFO - í”„ë¡œê·¸ë¨ ì´ˆê¸°í™” ì™„ë£Œ
2025-04-08 03:02:59,643 - market_analyzer - INFO - Processed 5 news items with date: 2025-04-08
2025-04-08 03:04:29,978 - WDM - INFO - ====== WebDriver manager ======
2025-04-08 03:04:30,794 - WDM - INFO - Get LATEST chromedriver version for google-chrome
2025-04-08 03:04:31,118 - WDM - INFO - Get LATEST chromedriver version for google-chrome
2025-04-08 03:04:31,433 - WDM - INFO - Driver [C:\Users\tpdud\.wdm\drivers\chromedriver\win64\134.0.6998.165\chromedriver-win32/chromedriver.exe] found in cache
2025-04-08 03:05:32,652 - utils - INFO - ë¸”ë¡œê·¸ í¬ìŠ¤íŒ… ì„±ê³µ: 2025ë…„ ì‹œì¥, ê·¹ë‹¨ì  ë³€ë™ì„± ì† íˆ¬ì ì „ëµì˜ ë°©í–¥ì„±  

ìµœê·¼ ê¸€ë¡œë²Œ ì‹œì¥ì€ ê¸ˆìœµì£¼ ê¸‰ë“±ê³¼ ì†Œë¹„ì¬ì£¼ í­ë½ì´ë¼ëŠ” ê·¹ëª…í•œ ë¶„í™” í˜„ìƒì„ ë³´ì´ë©° íˆ¬ììë“¤ì—ê²Œ í˜¼ë€ì„ ì£¼ê³  ìˆìŠµë‹ˆë‹¤. ë¯¸êµ­ ì£¼ì‹ ì„ ë¬¼ì˜ ì¶”ê°€ í•˜ë½ ì „ë§ì´ ì œê¸°ë˜ë©´ì„œ ì‹œì¥ì˜ ì—°ì‡„ ì¶©ê²©ì— ëŒ€í•œ ìš°ë ¤ë„ ì»¤ì§€ê³  ìˆëŠ” ìƒí™©ì…ë‹ˆë‹¤.  

ì´ëŸ¬í•œ ë³€ë™ì„± í™•ëŒ€ëŠ” ê¸ˆë¦¬ ì¸ìƒê³¼ ê¸°ì—… ì‹¤ì  ì•…í™”ë¼ëŠ” ì´ì¤‘ê³ ì— ê¸°ì¸í•©ë‹ˆë‹¤. íŠ¹íˆ, ì£¼ìš” ì¤‘ì•™ì€í–‰ë“¤ì˜ ê¸´ì¶• ì •ì±… ì§€ì†ê³¼ ê¸°ì—…ë“¤ì˜ ìˆ˜ìµì„± ë‘”í™”ê°€ ë§ë¬¼ë¦¬ë©´ì„œ ì‹œì¥ì˜ ë¶ˆí™•ì‹¤ì„±ì´ ë”ìš± ê°€ì¤‘ë˜ê³  ìˆìŠµë‹ˆë‹¤. ì¼ê°ì—ì„œëŠ” ë°©ì–´ì  í¬íŠ¸í´ë¦¬ì˜¤ ì¬í¸ì´ ìœ íš¨í•œ ëŒ€ì‘ì±…ì¼ ìˆ˜ ìˆë‹¤ëŠ” ë¶„ì„ë„ ë‚˜ì˜¤ì§€ë§Œ, ê³¼ì—° ì´ëŒ€ë¡œë§Œ í˜ëŸ¬ê°ˆì§€ëŠ” ë¯¸ì§€ìˆ˜ì…ë‹ˆë‹¤.  

í˜„ì¬ì˜ ì‹œì¥ í™˜ê²½ì€ ë‹¨ìˆœí•œ ì¡°ì •ì„ ë„˜ì–´ êµ¬ì¡°ì ì¸ ë³€í™”ì˜ ì‹ í˜¸ë¡œ ì½í™ë‹ˆë‹¤. íˆ¬ììë“¤ì€ ë‹¨ê¸°ì ì¸ ë³€ë™ì„±ì— íœ©ì“¸ë¦¬ê¸°ë³´ë‹¤ ì‹œì¥ì˜ ê·¼ë³¸ì ì¸ íë¦„ì„ íŒŒì•…í•˜ëŠ” ë° ì§‘ì¤‘í•  í•„ìš”ê°€ ìˆìŠµë‹ˆë‹¤. íŠ¹íˆ, ì„¹í„° ê°„ ë¶„í™”ê°€ ì‹¬í™”ë˜ëŠ” ë§Œí¼, ê°œë³„ ì‚°ì—…ì˜ ì„±ì¥ ì ì¬ë ¥ê³¼ ë¦¬ìŠ¤í¬ ìš”ì¸ì„ ì„¸ë°€í•˜ê²Œ í‰ê°€í•˜ëŠ” ê²ƒì´ ì¤‘ìš”í•´ì¡ŒìŠµë‹ˆë‹¤.  

ì•ìœ¼ë¡œì˜ ì‹œì¥ì€ ë³´ë‹¤ ì˜ˆì¸¡í•˜ê¸° ì–´ë ¤ìš´ êµ­ë©´ìœ¼ë¡œ ì ‘ì–´ë“¤ ê°€ëŠ¥ì„±ì´ í½ë‹ˆë‹¤. íˆ¬ì ì „ëµì„ ìˆ˜ë¦½í•  ë•ŒëŠ” ìœ ë™ì„± í™˜ê²½, ì •ì±… ë³€í™”, ê¸€ë¡œë²Œ ê²½ì œì˜ ìƒí˜¸ì—°ê´€ì„± ë“±ì„ ì¢…í•©ì ìœ¼ë¡œ ê³ ë ¤í•´ì•¼ í•  ì‹œì ì…ë‹ˆë‹¤.
2025-04-08 03:07:39,077 - utils - INFO - í”„ë¡œê·¸ë¨ ì´ˆê¸°í™” ì™„ë£Œ
2025-04-08 03:07:48,377 - market_analyzer - INFO - Processed 5 news items with date: 2025-04-08
2025-04-08 03:09:23,917 - utils - INFO - í”„ë¡œê·¸ë¨ ì´ˆê¸°í™” ì™„ë£Œ
2025-04-08 03:09:31,843 - market_analyzer - INFO - Processed 5 news items with date: 2025-04-08
2025-04-08 03:10:51,118 - WDM - INFO - ====== WebDriver manager ======
2025-04-08 03:10:51,874 - WDM - INFO - Get LATEST chromedriver version for google-chrome
2025-04-08 03:10:52,198 - WDM - INFO - Get LATEST chromedriver version for google-chrome
2025-04-08 03:10:52,500 - WDM - INFO - Driver [C:\Users\tpdud\.wdm\drivers\chromedriver\win64\134.0.6998.165\chromedriver-win32/chromedriver.exe] found in cache
2025-04-08 03:11:28,978 - utils - ERROR - ë¸”ë¡œê·¸ í¬ìŠ¤íŒ… ì‹¤íŒ¨
2025-04-08 03:17:23,445 - utils - INFO - í”„ë¡œê·¸ë¨ ì´ˆê¸°í™” ì™„ë£Œ
2025-04-08 03:17:30,699 - market_analyzer - INFO - Processed 5 news items with date: 2025-04-08
2025-04-08 03:18:44,085 - WDM - INFO - ====== WebDriver manager ======
2025-04-08 03:18:44,868 - WDM - INFO - Get LATEST chromedriver version for google-chrome
2025-04-08 03:18:45,478 - WDM - INFO - Get LATEST chromedriver version for google-chrome
2025-04-08 03:18:46,017 - WDM - INFO - Driver [C:\Users\tpdud\.wdm\drivers\chromedriver\win64\134.0.6998.165\chromedriver-win32/chromedriver.exe] found in cache
2025-04-08 03:19:46,949 - utils - INFO - ë¸”ë¡œê·¸ í¬ìŠ¤íŒ… ì„±ê³µ: - EFG International AG ê¸‰ë“±ê³¼ Samsonite í­ë½â€¦ì‹œì¥ ë³€ë™ì„± í™•ëŒ€ì˜ ì‹ í˜¸ì¸ê°€?  
- ê¸ˆìœµì£¼ ê°•ì„¸ vs ì†Œë¹„ì¬ì£¼ ì•½ì„¸â€¦ì‹œì¥ ë¶„í™”ê°€ ì˜ˆê³ í•˜ëŠ” ê²ƒì€?  
- ì‹¤ì  ë°œí‘œì™€ ì„¹í„°ë³„ ê·¹ì‹¬í•œ ë³€ë™ì„±â€¦ì‹œì¥ ì „ë§ì€ ì–´ë–»ê²Œ ë‹¬ë¼ì§€ë‚˜?  
- EFG 84% ê¸‰ë“±, Samsonite 19% í­ë½â€¦ì‹œì¥ì˜ ë¦¬ìŠ¤í¬ ì„ í˜¸ë„ê°€ ë°”ë€Œê³  ìˆë‹¤?  
- ê¸ˆìœµ ì„¹í„° ë‚™ê´€ vs ì†Œë¹„ì¬ ê²½ê³ â€¦ê¸€ë¡œë²Œ ì‹œì¥ì˜ ë‹¤ìŒ íë¦„ì€?
2025-04-08 03:21:09,507 - utils - INFO - í”„ë¡œê·¸ë¨ ì´ˆê¸°í™” ì™„ë£Œ
2025-04-08 03:21:16,897 - market_analyzer - INFO - Processed 5 news items with date: 2025-04-08
2025-04-08 03:22:29,360 - WDM - INFO - ====== WebDriver manager ======
2025-04-08 03:22:30,124 - WDM - INFO - Get LATEST chromedriver version for google-chrome
2025-04-08 03:22:30,433 - WDM - INFO - Get LATEST chromedriver version for google-chrome
2025-04-08 03:22:30,739 - WDM - INFO - Driver [C:\Users\tpdud\.wdm\drivers\chromedriver\win64\134.0.6998.165\chromedriver-win32/chromedriver.exe] found in cache
2025-04-08 03:23:10,770 - utils - ERROR - ë¸”ë¡œê·¸ í¬ìŠ¤íŒ… ì‹¤íŒ¨
2025-04-08 03:28:12,791 - utils - INFO - í”„ë¡œê·¸ë¨ ì´ˆê¸°í™” ì™„ë£Œ
2025-04-08 03:28:22,378 - market_analyzer - INFO - Processed 5 news items with date: 2025-04-08
2025-04-08 03:29:45,463 - WDM - INFO - ====== WebDriver manager ======
2025-04-08 03:29:46,245 - WDM - INFO - Get LATEST chromedriver version for google-chrome
2025-04-08 03:29:46,563 - WDM - INFO - Get LATEST chromedriver version for google-chrome
2025-04-08 03:29:46,889 - WDM - INFO - Driver [C:\Users\tpdud\.wdm\drivers\chromedriver\win64\134.0.6998.165\chromedriver-win32/chromedriver.exe] found in cache
2025-04-08 03:30:20,326 - utils - ERROR - ë¸”ë¡œê·¸ í¬ìŠ¤íŒ… ì‹¤íŒ¨
2025-04-08 03:33:03,684 - utils - INFO - í”„ë¡œê·¸ë¨ ì´ˆê¸°í™” ì™„ë£Œ
2025-04-08 03:33:11,550 - market_analyzer - INFO - Processed 5 news items with date: 2025-04-08
2025-04-08 03:34:27,189 - WDM - INFO - ====== WebDriver manager ======
2025-04-08 03:34:27,957 - WDM - INFO - Get LATEST chromedriver version for google-chrome
2025-04-08 03:34:28,321 - WDM - INFO - Get LATEST chromedriver version for google-chrome
2025-04-08 03:34:28,645 - WDM - INFO - Driver [C:\Users\tpdud\.wdm\drivers\chromedriver\win64\134.0.6998.165\chromedriver-win32/chromedriver.exe] found in cache
2025-04-08 03:35:28,718 - utils - INFO - ë¸”ë¡œê·¸ í¬ìŠ¤íŒ… ì„±ê³µ: "EFG 84% ê¸‰ë“±ê³¼ ECB ê¸ˆë¦¬ ì¸í•˜ ê¸°ëŒ€â€¦ìœ ëŸ½ ê¸ˆìœµì£¼ì˜ ë¶€í™œì€ ì§€ì†ë ê¹Œ?"
2025-04-08 07:30:47,697 - utils - INFO - í”„ë¡œê·¸ë¨ ì´ˆê¸°í™” ì™„ë£Œ
2025-04-08 07:30:55,390 - market_analyzer - INFO - Processed 5 news items with date: 2025-04-08
2025-04-08 07:31:58,132 - WDM - INFO - ====== WebDriver manager ======
2025-04-08 07:31:58,970 - WDM - INFO - Get LATEST chromedriver version for google-chrome
2025-04-08 07:31:59,384 - WDM - INFO - Get LATEST chromedriver version for google-chrome
2025-04-08 07:31:59,768 - WDM - INFO - Driver [C:\Users\tpdud\.wdm\drivers\chromedriver\win64\134.0.6998.165\chromedriver-win32/chromedriver.exe] found in cache
2025-04-08 07:33:01,950 - utils - INFO - ë¸”ë¡œê·¸ í¬ìŠ¤íŒ… ì„±ê³µ: "ê¸‰ë“±ë½ ì¢…ëª©ì´ ë¶€ì¶”ê¸°ëŠ” ì‹œì¥ ë³€ë™ì„±â€¦CPI ë°ì´í„°ì™€ Fed ì •ì±…ì´ ê²°ì •ì  ë³€ìˆ˜ë ê¹Œ?"
